Using pre-set license
Built from '2022.3/staging' branch; Version is '2022.3.10f1 (ff3792e53c62) revision 16725906'; Using compiler version '192829333'; Build Type 'Release'
OS: 'Windows 11  (10.0.22631) 64bit Core' Language: 'fr' Physical Memory: 7991 MB
BatchMode: 1, IsHumanControllingUs: 0, StartBugReporterOnCrash: 0, Is64bit: 1, IsPro: 1

COMMAND LINE ARGUMENTS:
D:\Unity\2022.3.10f1\Editor\Unity.exe
-adb2
-batchMode
-noUpm
-name
AssetImportWorker12
-projectPath
D:/SemaineThematique
-logFile
Logs/AssetImportWorker12.log
-srvPort
54508
Successfully changed project path to: D:/SemaineThematique
D:/SemaineThematique
[UnityMemory] Configuration Parameters - Can be set up in boot.config
    "memorysetup-bucket-allocator-granularity=16"
    "memorysetup-bucket-allocator-bucket-count=8"
    "memorysetup-bucket-allocator-block-size=33554432"
    "memorysetup-bucket-allocator-block-count=8"
    "memorysetup-main-allocator-block-size=16777216"
    "memorysetup-thread-allocator-block-size=16777216"
    "memorysetup-gfx-main-allocator-block-size=16777216"
    "memorysetup-gfx-thread-allocator-block-size=16777216"
    "memorysetup-cache-allocator-block-size=4194304"
    "memorysetup-typetree-allocator-block-size=2097152"
    "memorysetup-profiler-bucket-allocator-granularity=16"
    "memorysetup-profiler-bucket-allocator-bucket-count=8"
    "memorysetup-profiler-bucket-allocator-block-size=33554432"
    "memorysetup-profiler-bucket-allocator-block-count=8"
    "memorysetup-profiler-allocator-block-size=16777216"
    "memorysetup-profiler-editor-allocator-block-size=1048576"
    "memorysetup-temp-allocator-size-main=16777216"
    "memorysetup-job-temp-allocator-block-size=2097152"
    "memorysetup-job-temp-allocator-block-size-background=1048576"
    "memorysetup-job-temp-allocator-reduction-small-platforms=262144"
    "memorysetup-allocator-temp-initial-block-size-main=262144"
    "memorysetup-allocator-temp-initial-block-size-worker=262144"
    "memorysetup-temp-allocator-size-background-worker=32768"
    "memorysetup-temp-allocator-size-job-worker=262144"
    "memorysetup-temp-allocator-size-preload-manager=33554432"
    "memorysetup-temp-allocator-size-nav-mesh-worker=65536"
    "memorysetup-temp-allocator-size-audio-worker=65536"
    "memorysetup-temp-allocator-size-cloud-worker=32768"
    "memorysetup-temp-allocator-size-gi-baking-worker=262144"
    "memorysetup-temp-allocator-size-gfx=262144"
Player connection [15484] Host "[IP] 10.213.151.96 [Port] 0 [Flags] 2 [Guid] 2098705318 [EditorId] 2098705318 [Version] 1048832 [Id] WindowsEditor(7,Pc-alex-lycee) [Debug] 1 [PackageName] WindowsEditor [ProjectName] Editor" joined multi-casting on [225.0.0.222:54997]...

Player connection [15484] Host "[IP] 10.213.151.96 [Port] 0 [Flags] 2 [Guid] 2098705318 [EditorId] 2098705318 [Version] 1048832 [Id] WindowsEditor(7,Pc-alex-lycee) [Debug] 1 [PackageName] WindowsEditor [ProjectName] Editor" joined alternative multi-casting on [225.0.0.222:34997]...

[Physics::Module] Initialized MultithreadedJobDispatcher with 7 workers.
Cannot open lmdb database Library/SourceAssetDB because another process has a lock on it. Will retry.
Cannot open lmdb database Library/SourceAssetDB because another process has a lock on it. Will retry.
Refreshing native plugins compatible for Editor in 28.96 ms, found 3 plugins.
Preloading 0 native plugins for Editor in 0.00 ms.
Initialize engine version: 2022.3.10f1 (ff3792e53c62)
[Subsystems] Discovering subsystems at path D:/Unity/2022.3.10f1/Editor/Data/Resources/UnitySubsystems
[Subsystems] Discovering subsystems at path D:/SemaineThematique/Assets
GfxDevice: creating device client; threaded=0; jobified=0
Direct3D:
    Version:  Direct3D 11.0 [level 11.1]
    Renderer: Microsoft Basic Render Driver (ID=0x8c)
    Vendor:   Microsoft
    VRAM:     3995 MB
received signal from system: SIGSEGV
Obtained 33 stack frames
0x00007ff638b6282d (Unity) 
0x00007ff638b677d9 (Unity) 
0x00007ff639b37831 (Unity) 
0x00007ff638b66c26 (Unity) 
0x00007ff638b6205c (Unity) 
0x00007ff63af80ab8 (Unity) 
0x00007ff63b044558 (Unity) 
0x00007ff63af4a450 (Unity) 
0x00007ffbaf41547f (ntdll) 
0x00007ffbaf38e886 (ntdll) 
0x00007ffbaf41447e (ntdll) 
0x00007ff63838499f (Unity) 
0x00007ff63836d4d6 (Unity) 
0x00007ff63837783e (Unity) 
0x00007ff6387f7e98 (Unity) 
0x00007ff63a2737ab (Unity) 
0x00007ff63a272db9 (Unity) 
0x00007ff63a26e5f1 (Unity) 
0x00007ff63a26d380 (Unity) 
0x00007ff638b3e94d (Unity) 
0x00007ff638b3f921 (Unity) 
0x00007ff638b3f590 (Unity) 
0x00007ff638b10dcf (Unity) 
0x00007ff638b116f0 (Unity) 
0x00007ff638b15ae2 (Unity) 
0x00007ff638718a0e (Unity) 
0x00007ff63a2704b6 (Unity) 
0x00007ff6386eb7d4 (Unity) 
0x00007ff6396b9cce (Unity) 
0x00007ff639b43635 (Unity) 
0x00007ff63af27dbe (Unity) 
0x00007ffbada7259d (KERNEL32) 
0x00007ffbaf3caf38 (ntdll) 

Crash!!!
SymInit: Symbol-SearchPath: '.;D:\SemaineThematique;D:\SemaineThematique\Library\BurstCache\JIT;D:\Unity\2022.3.10f1\Editor;C:\WINDOWS;C:\WINDOWS\system32;', symOptions: 534, UserName: 'alex-'
OS-Version: 10.0.0
D:\Unity\2022.3.10f1\Editor\Unity.exe:Unity.exe (00007FF637990000), size: 82272256 (result: 0), SymType: '-nosymbols-', PDB: 'D:\Unity\2022.3.10f1\Editor\Unity.exe', fileVersion: 2022.3.10.14226
C:\WINDOWS\SYSTEM32\ntdll.dll:ntdll.dll (00007FFBAF370000), size: 2191360 (result: 0), SymType: '-nosymbols-', PDB: 'C:\WINDOWS\SYSTEM32\ntdll.dll', fileVersion: 10.0.22621.4974
C:\WINDOWS\System32\KERNEL32.DLL:KERNEL32.DLL (00007FFBADA60000), size: 802816 (result: 0), SymType: '-nosymbols-', PDB: 'C:\WINDOWS\System32\KERNEL32.DLL', fileVersion: 10.0.22621.4974
C:\WINDOWS\System32\KERNELBASE.dll:KERNELBASE.dll (00007FFBAC8D0000), size: 4001792 (result: 0), SymType: '-nosymbols-', PDB: 'C:\WINDOWS\System32\KERNELBASE.dll', fileVersion: 10.0.22621.5037
C:\WINDOWS\System32\CRYPT32.dll:CRYPT32.dll (00007FFBAC550000), size: 1466368 (result: 0), SymType: '-exported-', PDB: 'C:\WINDOWS\System32\CRYPT32.dll', fileVersion: 10.0.22621.4830
C:\WINDOWS\System32\ucrtbase.dll:ucrtbase.dll (00007FFBAC6F0000), size: 1118208 (result: 0), SymType: '-nosymbols-', PDB: 'C:\WINDOWS\System32\ucrtbase.dll', fileVersion: 10.0.22621.3593
C:\WINDOWS\System32\USER32.dll:USER32.dll (00007FFBAD2F0000), size: 1773568 (result: 0), SymType: '-exported-', PDB: 'C:\WINDOWS\System32\USER32.dll', fileVersion: 10.0.22621.4974
C:\WINDOWS\System32\win32u.dll:win32u.dll (00007FFBAC6C0000), size: 155648 (result: 0), SymType: '-exported-', PDB: 'C:\WINDOWS\System32\win32u.dll', fileVersion: 10.0.22621.5037
C:\WINDOWS\System32\GDI32.dll:GDI32.dll (00007FFBAD2C0000), size: 167936 (result: 0), SymType: '-exported-', PDB: 'C:\WINDOWS\System32\GDI32.dll', fileVersion: 10.0.22621.4974
C:\WINDOWS\System32\gdi32full.dll:gdi32full.dll (00007FFBACEA0000), size: 1159168 (result: 0), SymType: '-exported-', PDB: 'C:\WINDOWS\System32\gdi32full.dll', fileVersion: 10.0.22621.4974
C:\WINDOWS\System32\msvcp_win.dll:msvcp_win.dll (00007FFBAC4B0000), size: 630784 (result: 0), SymType: '-exported-', PDB: 'C:\WINDOWS\System32\msvcp_win.dll', fileVersion: 10.0.22621.3374
C:\WINDOWS\System32\ADVAPI32.dll:ADVAPI32.dll (00007FFBAE050000), size: 724992 (result: 0), SymType: '-exported-', PDB: 'C:\WINDOWS\System32\ADVAPI32.dll', fileVersion: 10.0.22621.4830
C:\WINDOWS\System32\msvcrt.dll:msvcrt.dll (00007FFBAD620000), size: 684032 (result: 0), SymType: '-exported-', PDB: 'C:\WINDOWS\System32\msvcrt.dll', fileVersion: 7.0.22621.2506
C:\WINDOWS\System32\sechost.dll:sechost.dll (00007FFBAE660000), size: 684032 (result: 0), SymType: '-exported-', PDB: 'C:\WINDOWS\System32\sechost.dll', fileVersion: 10.0.22621.4830
C:\WINDOWS\System32\bcrypt.dll:bcrypt.dll (00007FFBACCB0000), size: 163840 (result: 0), SymType: '-exported-', PDB: 'C:\WINDOWS\System32\bcrypt.dll', fileVersion: 10.0.22621.4746
C:\WINDOWS\System32\RPCRT4.dll:RPCRT4.dll (00007FFBAD040000), size: 1130496 (result: 0), SymType: '-exported-', PDB: 'C:\WINDOWS\System32\RPCRT4.dll', fileVersion: 10.0.22621.4249
C:\WINDOWS\System32\SHELL32.dll:SHELL32.dll (00007FFBAE710000), size: 8945664 (result: 0), SymType: '-exported-', PDB: 'C:\WINDOWS\System32\SHELL32.dll', fileVersion: 10.0.22621.4974
D:\Unity\2022.3.10f1\Editor\libfbxsdk.dll:libfbxsdk.dll (00007FFB13D20000), size: 10067968 (result: 0), SymType: '-exported-', PDB: 'D:\Unity\2022.3.10f1\Editor\libfbxsdk.dll', fileVersion: 2020.3.3.0
D:\Unity\2022.3.10f1\Editor\s3tcompress.dll:s3tcompress.dll (00007FFB742F0000), size: 180224 (result: 0), SymType: '-exported-', PDB: 'D:\Unity\2022.3.10f1\Editor\s3tcompress.dll'
C:\WINDOWS\System32\wintypes.dll:wintypes.dll (00007FFBACD60000), size: 1306624 (result: 0), SymType: '-exported-', PDB: 'C:\WINDOWS\System32\wintypes.dll', fileVersion: 10.0.22621.4830
D:\Unity\2022.3.10f1\Editor\etccompress.dll:etccompress.dll (00007FFB1BAF0000), size: 5066752 (result: 0), SymType: '-exported-', PDB: 'D:\Unity\2022.3.10f1\Editor\etccompress.dll'
D:\Unity\2022.3.10f1\Editor\ispc_texcomp.dll:ispc_texcomp.dll (00007FFB1BFD0000), size: 1826816 (result: 0), SymType: '-exported-', PDB: 'D:\Unity\2022.3.10f1\Editor\ispc_texcomp.dll'
D:\Unity\2022.3.10f1\Editor\compress_bc7e.dll:compress_bc7e.dll (00007FFB417E0000), size: 1433600 (result: 0), SymType: '-exported-', PDB: 'D:\Unity\2022.3.10f1\Editor\compress_bc7e.dll'
D:\Unity\2022.3.10f1\Editor\FreeImage.dll:FreeImage.dll (0000000180000000), size: 6582272 (result: 0), SymType: '-exported-', PDB: 'D:\Unity\2022.3.10f1\Editor\FreeImage.dll', fileVersion: 3.18.0.0
C:\WINDOWS\System32\WS2_32.dll:WS2_32.dll (00007FFBAD8D0000), size: 462848 (result: 0), SymType: '-exported-', PDB: 'C:\WINDOWS\System32\WS2_32.dll', fileVersion: 10.0.22621.4746
C:\WINDOWS\System32\combase.dll:combase.dll (00007FFBAE110000), size: 3735552 (result: 0), SymType: '-exported-', PDB: 'C:\WINDOWS\System32\combase.dll', fileVersion: 10.0.22621.4974
D:\Unity\2022.3.10f1\Editor\WinPixEventRuntime.dll:WinPixEventRuntime.dll (00007FFBA5CC0000), size: 45056 (result: 0), SymType: '-exported-', PDB: 'D:\Unity\2022.3.10f1\Editor\WinPixEventRuntime.dll', fileVersion: 1.0.1812.6001
C:\WINDOWS\System32\SHLWAPI.dll:SHLWAPI.dll (00007FFBAD5C0000), size: 385024 (result: 0), SymType: '-exported-', PDB: 'C:\WINDOWS\System32\SHLWAPI.dll', fileVersion: 10.0.22621.4830
C:\WINDOWS\System32\ole32.dll:ole32.dll (00007FFBAEFB0000), size: 1708032 (result: 0), SymType: '-exported-', PDB: 'C:\WINDOWS\System32\ole32.dll', fileVersion: 10.0.22621.4830
C:\WINDOWS\System32\IMM32.dll:IMM32.dll (00007FFBAD890000), size: 200704 (result: 0), SymType: '-exported-', PDB: 'C:\WINDOWS\System32\IMM32.dll', fileVersion: 10.0.22621.3374
C:\WINDOWS\System32\SETUPAPI.dll:SETUPAPI.dll (00007FFBADB50000), size: 4669440 (result: 0), SymType: '-exported-', PDB: 'C:\WINDOWS\System32\SETUPAPI.dll', fileVersion: 10.0.22621.2506
C:\WINDOWS\System32\OLEAUT32.dll:OLEAUT32.dll (00007FFBAD160000), size: 880640 (result: 0), SymType: '-exported-', PDB: 'C:\WINDOWS\System32\OLEAUT32.dll', fileVersion: 10.0.22621.3672
C:\WINDOWS\System32\WINTRUST.dll:WINTRUST.dll (00007FFBACFC0000), size: 466944 (result: 0), SymType: '-exported-', PDB: 'C:\WINDOWS\System32\WINTRUST.dll', fileVersion: 10.0.22621.4974
D:\Unity\2022.3.10f1\Editor\umbraoptimizer64.dll:umbraoptimizer64.dll (00007FFB42100000), size: 1187840 (result: 0), SymType: '-exported-', PDB: 'D:\Unity\2022.3.10f1\Editor\umbraoptimizer64.dll'
C:\WINDOWS\SYSTEM32\GLU32.dll:GLU32.dll (00007FFB8F620000), size: 184320 (result: 0), SymType: '-exported-', PDB: 'C:\WINDOWS\SYSTEM32\GLU32.dll', fileVersion: 10.0.22621.2506
C:\WINDOWS\SYSTEM32\IPHLPAPI.DLL:IPHLPAPI.DLL (00007FFBAAF70000), size: 184320 (result: 0), SymType: '-exported-', PDB: 'C:\WINDOWS\SYSTEM32\IPHLPAPI.DLL', fileVersion: 10.0.22621.1
C:\WINDOWS\SYSTEM32\WINHTTP.dll:WINHTTP.dll (00007FFBA8450000), size: 1228800 (result: 0), SymType: '-exported-', PDB: 'C:\WINDOWS\SYSTEM32\WINHTTP.dll', fileVersion: 10.0.22621.4830
C:\WINDOWS\SYSTEM32\WINMM.dll:WINMM.dll (00007FFBA6510000), size: 212992 (result: 0), SymType: '-exported-', PDB: 'C:\WINDOWS\SYSTEM32\WINMM.dll', fileVersion: 10.0.22621.4830
C:\WINDOWS\SYSTEM32\HID.DLL:HID.DLL (00007FFBAAD20000), size: 57344 (result: 0), SymType: '-exported-', PDB: 'C:\WINDOWS\SYSTEM32\HID.DLL', fileVersion: 10.0.22621.1
C:\WINDOWS\SYSTEM32\dwmapi.dll:dwmapi.dll (00007FFBA9980000), size: 176128 (result: 0), SymType: '-exported-', PDB: 'C:\WINDOWS\SYSTEM32\dwmapi.dll', fileVersion: 10.0.22621.4830
D:\Unity\2022.3.10f1\Editor\SketchUpAPI.dll:SketchUpAPI.dll (00007FFB03FA0000), size: 8990720 (result: 0), SymType: '-exported-', PDB: 'D:\Unity\2022.3.10f1\Editor\SketchUpAPI.dll', fileVersion: 23.0.0.0
C:\WINDOWS\SYSTEM32\WSOCK32.dll:WSOCK32.dll (00007FFB8F160000), size: 36864 (result: 0), SymType: '-exported-', PDB: 'C:\WINDOWS\SYSTEM32\WSOCK32.dll', fileVersion: 10.0.22621.1
C:\WINDOWS\SYSTEM32\OPENGL32.dll:OPENGL32.dll (00007FFB92250000), size: 1048576 (result: 0), SymType: '-exported-', PDB: 'C:\WINDOWS\SYSTEM32\OPENGL32.dll', fileVersion: 10.0.22621.4830
C:\WINDOWS\SYSTEM32\MSVCP140.dll:MSVCP140.dll (00007FFB9A600000), size: 577536 (result: 0), SymType: '-exported-', PDB: 'C:\WINDOWS\SYSTEM32\MSVCP140.dll', fileVersion: 14.40.33816.0
C:\WINDOWS\SYSTEM32\VCRUNTIME140.dll:VCRUNTIME140.dll (00007FFB9A5E0000), size: 122880 (result: 0), SymType: '-exported-', PDB: 'C:\WINDOWS\SYSTEM32\VCRUNTIME140.dll', fileVersion: 14.40.33816.0
C:\WINDOWS\SYSTEM32\VCRUNTIME140_1.dll:VCRUNTIME140_1.dll (00007FFB9A5D0000), size: 49152 (result: 0), SymType: '-exported-', PDB: 'C:\WINDOWS\SYSTEM32\VCRUNTIME140_1.dll', fileVersion: 14.40.33816.0
C:\WINDOWS\SYSTEM32\dxcore.dll:dxcore.dll (00007FFBA9810000), size: 225280 (result: 0), SymType: '-exported-', PDB: 'C:\WINDOWS\SYSTEM32\dxcore.dll', fileVersion: 10.0.22621.4830
D:\Unity\2022.3.10f1\Editor\SketchUpCommonPreferences.dll:SketchUpCommonPreferences.dll (00007FFB4CB10000), size: 499712 (result: 0), SymType: '-exported-', PDB: 'D:\Unity\2022.3.10f1\Editor\SketchUpCommonPreferences.dll', fileVersion: 23.0.0.0
C:\WINDOWS\SYSTEM32\Secur32.dll:Secur32.dll (00007FFBAB2E0000), size: 49152 (result: 0), SymType: '-exported-', PDB: 'C:\WINDOWS\SYSTEM32\Secur32.dll', fileVersion: 10.0.22621.1
C:\WINDOWS\SYSTEM32\VERSION.dll:VERSION.dll (00007FFBA36F0000), size: 40960 (result: 0), SymType: '-exported-', PDB: 'C:\WINDOWS\SYSTEM32\VERSION.dll', fileVersion: 10.0.22621.1
C:\WINDOWS\SYSTEM32\SSPICLI.DLL:SSPICLI.DLL (00007FFBAB7D0000), size: 274432 (result: 0), SymType: '-exported-', PDB: 'C:\WINDOWS\SYSTEM32\SSPICLI.DLL', fileVersion: 10.0.22621.3810
D:\Unity\2022.3.10f1\Editor\OpenRL.dll:OpenRL.dll (0000016C0EC70000), size: 12779520 (result: 0), SymType: '-exported-', PDB: 'D:\Unity\2022.3.10f1\Editor\OpenRL.dll', fileVersion: 1.5.0.2907
C:\WINDOWS\SYSTEM32\MSVCR100.dll:MSVCR100.dll (0000000065B00000), size: 860160 (result: 0), SymType: '-exported-', PDB: 'C:\WINDOWS\SYSTEM32\MSVCR100.dll', fileVersion: 10.0.40219.325
C:\WINDOWS\SYSTEM32\cfgmgr32.DLL:cfgmgr32.DLL (00007FFBAC1A0000), size: 319488 (result: 0), SymType: '-exported-', PDB: 'C:\WINDOWS\SYSTEM32\cfgmgr32.DLL', fileVersion: 10.0.22621.2506
C:\WINDOWS\SYSTEM32\MSVCP100.dll:MSVCP100.dll (0000000065BE0000), size: 622592 (result: 0), SymType: '-exported-', PDB: 'C:\WINDOWS\SYSTEM32\MSVCP100.dll', fileVersion: 10.0.40219.325
C:\WINDOWS\SYSTEM32\MSWSOCK.DLL:MSWSOCK.DLL (00007FFBAB9E0000), size: 434176 (result: 0), SymType: '-exported-', PDB: 'C:\WINDOWS\SYSTEM32\MSWSOCK.DLL', fileVersion: 10.0.22621.4890
D:\Unity\2022.3.10f1\Editor\embree.dll:embree.dll (00007FFB00430000), size: 16711680 (result: 0), SymType: '-exported-', PDB: 'D:\Unity\2022.3.10f1\Editor\embree.dll', fileVersion: 2.14.0.0
D:\Unity\2022.3.10f1\Editor\tbb.dll:tbb.dll (00007FFB48780000), size: 413696 (result: 0), SymType: '-exported-', PDB: 'D:\Unity\2022.3.10f1\Editor\tbb.dll', fileVersion: 2017.0.2016.1004
C:\WINDOWS\SYSTEM32\MSVCP120.dll:MSVCP120.dll (00007FFB47D90000), size: 679936 (result: 0), SymType: '-exported-', PDB: 'C:\WINDOWS\SYSTEM32\MSVCP120.dll', fileVersion: 12.0.40664.0
C:\WINDOWS\SYSTEM32\MSVCR120.dll:MSVCR120.dll (00007FFB46670000), size: 978944 (result: 0), SymType: '-exported-', PDB: 'C:\WINDOWS\SYSTEM32\MSVCR120.dll', fileVersion: 12.0.40664.0
D:\Unity\2022.3.10f1\Editor\OpenRL_pthread.dll:OpenRL_pthread.dll (0000016C0F8C0000), size: 61440 (result: 0), SymType: '-exported-', PDB: 'D:\Unity\2022.3.10f1\Editor\OpenRL_pthread.dll', fileVersion: 2.9.0.0
C:\WINDOWS\SYSTEM32\MSASN1.dll:MSASN1.dll (00007FFBABD10000), size: 73728 (result: 0), SymType: '-exported-', PDB: 'C:\WINDOWS\SYSTEM32\MSASN1.dll', fileVersion: 10.0.22621.2506
C:\WINDOWS\System32\bcryptprimitives.dll:bcryptprimitives.dll (00007FFBACCE0000), size: 503808 (result: 0), SymType: '-exported-', PDB: 'C:\WINDOWS\System32\bcryptprimitives.dll', fileVersion: 10.0.22621.4317
C:\WINDOWS\SYSTEM32\kernel.appcore.dll:kernel.appcore.dll (00007FFBAB500000), size: 98304 (result: 0), SymType: '-exported-', PDB: 'C:\WINDOWS\SYSTEM32\kernel.appcore.dll', fileVersion: 10.0.22621.3958
C:\WINDOWS\system32\uxtheme.dll:uxtheme.dll (00007FFBA96E0000), size: 733184 (result: 0), SymType: '-exported-', PDB: 'C:\WINDOWS\system32\uxtheme.dll', fileVersion: 10.0.22621.4974
C:\WINDOWS\SYSTEM32\windows.storage.dll:windows.storage.dll (00007FFBAA410000), size: 9490432 (result: 0), SymType: '-exported-', PDB: 'C:\WINDOWS\SYSTEM32\windows.storage.dll', fileVersion: 10.0.22621.5037
C:\WINDOWS\System32\SHCORE.dll:SHCORE.dll (00007FFBAD4B0000), size: 1089536 (result: 0), SymType: '-exported-', PDB: 'C:\WINDOWS\System32\SHCORE.dll', fileVersion: 10.0.22621.4974
C:\WINDOWS\SYSTEM32\profapi.dll:profapi.dll (00007FFBAC3E0000), size: 176128 (result: 0), SymType: '-nosymbols-', PDB: 'C:\WINDOWS\SYSTEM32\profapi.dll', fileVersion: 10.0.22621.4974
C:\WINDOWS\system32\IconCodecService.dll:IconCodecService.dll (00007FFB92910000), size: 36864 (result: 0), SymType: '-nosymbols-', PDB: 'C:\WINDOWS\system32\IconCodecService.dll', fileVersion: 10.0.22621.1
C:\WINDOWS\SYSTEM32\WindowsCodecs.dll:WindowsCodecs.dll (00007FFBA9460000), size: 1769472 (result: 0), SymType: '-exported-', PDB: 'C:\WINDOWS\SYSTEM32\WindowsCodecs.dll', fileVersion: 10.0.22621.4830
C:\WINDOWS\System32\clbcatq.dll:clbcatq.dll (00007FFBAF1E0000), size: 720896 (result: 0), SymType: '-exported-', PDB: 'C:\WINDOWS\System32\clbcatq.dll', fileVersion: 2001.12.10941.16384
C:\WINDOWS\System32\netprofm.dll:netprofm.dll (00007FFBA7C50000), size: 491520 (result: 0), SymType: '-exported-', PDB: 'C:\WINDOWS\System32\netprofm.dll', fileVersion: 10.0.22621.3527
C:\WINDOWS\System32\NSI.dll:NSI.dll (00007FFBAF1D0000), size: 36864 (result: 0), SymType: '-exported-', PDB: 'C:\WINDOWS\System32\NSI.dll', fileVersion: 10.0.22621.4746
C:\WINDOWS\SYSTEM32\dhcpcsvc6.DLL:dhcpcsvc6.DLL (00007FFBA6760000), size: 102400 (result: 0), SymType: '-exported-', PDB: 'C:\WINDOWS\SYSTEM32\dhcpcsvc6.DLL', fileVersion: 10.0.22621.2506
C:\WINDOWS\SYSTEM32\dhcpcsvc.DLL:dhcpcsvc.DLL (00007FFBA6740000), size: 126976 (result: 0), SymType: '-exported-', PDB: 'C:\WINDOWS\SYSTEM32\dhcpcsvc.DLL', fileVersion: 10.0.22621.2506
C:\WINDOWS\SYSTEM32\DNSAPI.dll:DNSAPI.dll (00007FFBAAFA0000), size: 1056768 (result: 0), SymType: '-exported-', PDB: 'C:\WINDOWS\SYSTEM32\DNSAPI.dll', fileVersion: 10.0.22621.4830
C:\WINDOWS\system32\napinsp.dll:napinsp.dll (00007FFB96640000), size: 94208 (result: 0), SymType: '-exported-', PDB: 'C:\WINDOWS\system32\napinsp.dll', fileVersion: 10.0.22621.1
C:\WINDOWS\system32\pnrpnsp.dll:pnrpnsp.dll (00007FFB750F0000), size: 110592 (result: 0), SymType: '-exported-', PDB: 'C:\WINDOWS\system32\pnrpnsp.dll', fileVersion: 10.0.22621.1
C:\WINDOWS\System32\winrnr.dll:winrnr.dll (00007FFB74260000), size: 69632 (result: 0), SymType: '-exported-', PDB: 'C:\WINDOWS\System32\winrnr.dll', fileVersion: 10.0.22621.1
C:\WINDOWS\system32\wshbth.dll:wshbth.dll (00007FFBA63B0000), size: 86016 (result: 0), SymType: '-exported-', PDB: 'C:\WINDOWS\system32\wshbth.dll', fileVersion: 10.0.22621.3958
C:\WINDOWS\system32\nlansp_c.dll:nlansp_c.dll (00007FFB24E30000), size: 159744 (result: 0), SymType: '-exported-', PDB: 'C:\WINDOWS\system32\nlansp_c.dll', fileVersion: 10.0.22621.4830
C:\WINDOWS\System32\fwpuclnt.dll:fwpuclnt.dll (00007FFBA3FC0000), size: 536576 (result: 0), SymType: '-exported-', PDB: 'C:\WINDOWS\System32\fwpuclnt.dll', fileVersion: 10.0.22621.4249
C:\Windows\System32\rasadhlp.dll:rasadhlp.dll (00007FFBA3FB0000), size: 40960 (result: 0), SymType: '-exported-', PDB: 'C:\Windows\System32\rasadhlp.dll', fileVersion: 10.0.22621.1
C:\WINDOWS\System32\npmproxy.dll:npmproxy.dll (00007FFBA3B40000), size: 98304 (result: 0), SymType: '-exported-', PDB: 'C:\WINDOWS\System32\npmproxy.dll', fileVersion: 10.0.22621.3527
D:\Unity\2022.3.10f1\Editor\NVUnityPlugin.DLL:NVUnityPlugin.DLL (00007FFB3B6F0000), size: 1519616 (result: 0), SymType: '-exported-', PDB: 'D:\Unity\2022.3.10f1\Editor\NVUnityPlugin.DLL'
D:\Unity\2022.3.10f1\Editor\Data\Tools\astcenc-avx2.dll:astcenc-avx2.dll (00007FFB484B0000), size: 540672 (result: 0), SymType: '-exported-', PDB: 'D:\Unity\2022.3.10f1\Editor\Data\Tools\astcenc-avx2.dll'
C:\WINDOWS\SYSTEM32\d3d11.dll:d3d11.dll (00007FFBA5380000), size: 2453504 (result: 0), SymType: '-exported-', PDB: 'C:\WINDOWS\SYSTEM32\d3d11.dll', fileVersion: 10.0.22621.4830
C:\WINDOWS\SYSTEM32\dxgi.dll:dxgi.dll (00007FFBA9870000), size: 1011712 (result: 0), SymType: '-exported-', PDB: 'C:\WINDOWS\SYSTEM32\dxgi.dll', fileVersion: 10.0.22621.4830
C:\WINDOWS\SYSTEM32\directxdatabasehelper.dll:directxdatabasehelper.dll (00007FFBA3810000), size: 299008 (result: 0), SymType: '-nosymbols-', PDB: 'C:\WINDOWS\SYSTEM32\directxdatabasehelper.dll', fileVersion: 10.0.22621.4830
C:\Windows\System32\DriverStore\FileRepository\iigd_dch.inf_amd64_5dc1a2977f07512e\igd10iumd64.dll:igd10iumd64.dll (00007FFBA0370000), size: 18751488 (result: 0), SymType: '-exported-', PDB: 'C:\Windows\System32\DriverStore\FileRepository\iigd_dch.inf_amd64_5dc1a2977f07512e\igd10iumd64.dll', fileVersion: 27.20.100.9664
C:\WINDOWS\SYSTEM32\ncrypt.dll:ncrypt.dll (00007FFBABE70000), size: 184320 (result: 0), SymType: '-exported-', PDB: 'C:\WINDOWS\SYSTEM32\ncrypt.dll', fileVersion: 10.0.22621.4317
C:\WINDOWS\SYSTEM32\apphelp.dll:apphelp.dll (00007FFBA6270000), size: 618496 (result: 0), SymType: '-exported-', PDB: 'C:\WINDOWS\SYSTEM32\apphelp.dll', fileVersion: 10.0.22621.4974
C:\WINDOWS\SYSTEM32\NTASN1.dll:NTASN1.dll (00007FFBABE30000), size: 225280 (result: 0), SymType: '-nosymbols-', PDB: 'C:\WINDOWS\SYSTEM32\NTASN1.dll', fileVersion: 10.0.22621.1
C:\WINDOWS\SYSTEM32\D3D10Warp.dll:D3D10Warp.dll (00007FFBA25F0000), size: 7467008 (result: 0), SymType: '-exported-', PDB: 'C:\WINDOWS\SYSTEM32\D3D10Warp.dll', fileVersion: 10.0.22621.4974
C:\WINDOWS\system32\wbem\wbemprox.dll:wbemprox.dll (00007FFB8A7A0000), size: 65536 (result: 0), SymType: '-exported-', PDB: 'C:\WINDOWS\system32\wbem\wbemprox.dll', fileVersion: 10.0.22621.3672
C:\WINDOWS\SYSTEM32\wbemcomn.dll:wbemcomn.dll (00007FFB8A720000), size: 524288 (result: 0), SymType: '-exported-', PDB: 'C:\WINDOWS\SYSTEM32\wbemcomn.dll', fileVersion: 10.0.22621.2506
C:\WINDOWS\system32\wbem\wbemsvc.dll:wbemsvc.dll (00007FFB829F0000), size: 81920 (result: 0), SymType: '-exported-', PDB: 'C:\WINDOWS\system32\wbem\wbemsvc.dll', fileVersion: 10.0.22621.3672
C:\WINDOWS\system32\wbem\fastprox.dll:fastprox.dll (00007FFB7E8F0000), size: 1015808 (result: 0), SymType: '-exported-', PDB: 'C:\WINDOWS\system32\wbem\fastprox.dll', fileVersion: 10.0.22621.4830
C:\WINDOWS\SYSTEM32\amsi.dll:amsi.dll (00007FFB82190000), size: 118784 (result: 0), SymType: '-exported-', PDB: 'C:\WINDOWS\SYSTEM32\amsi.dll', fileVersion: 10.0.22621.3527
C:\WINDOWS\SYSTEM32\USERENV.dll:USERENV.dll (00007FFBABAE0000), size: 163840 (result: 0), SymType: '-exported-', PDB: 'C:\WINDOWS\SYSTEM32\USERENV.dll', fileVersion: 10.0.22621.3527
C:\ProgramData\Microsoft\Windows Defender\Platform\4.18.25010.11-0\MpOav.dll:MpOav.dll (00007FFB7C190000), size: 528384 (result: 0), SymType: '-exported-', PDB: 'C:\ProgramData\Microsoft\Windows Defender\Platform\4.18.25010.11-0\MpOav.dll', fileVersion: 4.18.25010.11
C:\WINDOWS\SYSTEM32\dbghelp.dll:dbghelp.dll (00007FFBA9D50000), size: 2301952 (result: 0), SymType: '-exported-', PDB: 'C:\WINDOWS\SYSTEM32\dbghelp.dll', fileVersion: 10.0.22621.3593

========== OUTPUTTING STACK TRACE ==================

SymInit: Symbol-SearchPath: '.;D:\SemaineThematique;D:\SemaineThematique\Library\BurstCache\JIT;D:\Unity\2022.3.10f1\Editor;C:\WINDOWS;C:\WINDOWS\system32;', symOptions: 534, UserName: 'alex-'
OS-Version: 10.0.0
D:\Unity\2022.3.10f1\Editor\Unity.exe:Unity.exe (00007FF637990000), size: 82272256 (result: 0), SymType: '-nosymbols-', PDB: 'D:\Unity\2022.3.10f1\Editor\Unity.exe', fileVersion: 2022.3.10.14226
C:\WINDOWS\SYSTEM32\ntdll.dll:ntdll.dll (00007FFBAF370000), size: 2191360 (result: 0), SymType: '-nosymbols-', PDB: 'C:\WINDOWS\SYSTEM32\ntdll.dll', fileVersion: 10.0.22621.4974
C:\WINDOWS\System32\KERNEL32.DLL:KERNEL32.DLL (00007FFBADA60000), size: 802816 (result: 0), SymType: '-nosymbols-', PDB: 'C:\WINDOWS\System32\KERNEL32.DLL', fileVersion: 10.0.22621.4974
C:\WINDOWS\System32\KERNELBASE.dll:KERNELBASE.dll (00007FFBAC8D0000), size: 4001792 (result: 0), SymType: '-nosymbols-', PDB: 'C:\WINDOWS\System32\KERNELBASE.dll', fileVersion: 10.0.22621.5037
C:\WINDOWS\System32\CRYPT32.dll:CRYPT32.dll (00007FFBAC550000), size: 1466368 (result: 0), SymType: '-exported-', PDB: 'C:\WINDOWS\System32\CRYPT32.dll', fileVersion: 10.0.22621.4830
C:\WINDOWS\System32\ucrtbase.dll:ucrtbase.dll (00007FFBAC6F0000), size: 1118208 (result: 0), SymType: '-nosymbols-', PDB: 'C:\WINDOWS\System32\ucrtbase.dll', fileVersion: 10.0.22621.3593
C:\WINDOWS\System32\USER32.dll:USER32.dll (00007FFBAD2F0000), size: 1773568 (result: 0), SymType: '-exported-', PDB: 'C:\WINDOWS\System32\USER32.dll', fileVersion: 10.0.22621.4974
C:\WINDOWS\System32\win32u.dll:win32u.dll (00007FFBAC6C0000), size: 155648 (result: 0), SymType: '-exported-', PDB: 'C:\WINDOWS\System32\win32u.dll', fileVersion: 10.0.22621.5037
C:\WINDOWS\System32\GDI32.dll:GDI32.dll (00007FFBAD2C0000), size: 167936 (result: 0), SymType: '-exported-', PDB: 'C:\WINDOWS\System32\GDI32.dll', fileVersion: 10.0.22621.4974
C:\WINDOWS\System32\gdi32full.dll:gdi32full.dll (00007FFBACEA0000), size: 1159168 (result: 0), SymType: '-exported-', PDB: 'C:\WINDOWS\System32\gdi32full.dll', fileVersion: 10.0.22621.4974
C:\WINDOWS\System32\msvcp_win.dll:msvcp_win.dll (00007FFBAC4B0000), size: 630784 (result: 0), SymType: '-exported-', PDB: 'C:\WINDOWS\System32\msvcp_win.dll', fileVersion: 10.0.22621.3374
C:\WINDOWS\System32\ADVAPI32.dll:ADVAPI32.dll (00007FFBAE050000), size: 724992 (result: 0), SymType: '-exported-', PDB: 'C:\WINDOWS\System32\ADVAPI32.dll', fileVersion: 10.0.22621.4830
C:\WINDOWS\System32\msvcrt.dll:msvcrt.dll (00007FFBAD620000), size: 684032 (result: 0), SymType: '-exported-', PDB: 'C:\WINDOWS\System32\msvcrt.dll', fileVersion: 7.0.22621.2506
C:\WINDOWS\System32\sechost.dll:sechost.dll (00007FFBAE660000), size: 684032 (result: 0), SymType: '-exported-', PDB: 'C:\WINDOWS\System32\sechost.dll', fileVersion: 10.0.22621.4830
C:\WINDOWS\System32\bcrypt.dll:bcrypt.dll (00007FFBACCB0000), size: 163840 (result: 0), SymType: '-exported-', PDB: 'C:\WINDOWS\System32\bcrypt.dll', fileVersion: 10.0.22621.4746
C:\WINDOWS\System32\RPCRT4.dll:RPCRT4.dll (00007FFBAD040000), size: 1130496 (result: 0), SymType: '-exported-', PDB: 'C:\WINDOWS\System32\RPCRT4.dll', fileVersion: 10.0.22621.4249
C:\WINDOWS\System32\SHELL32.dll:SHELL32.dll (00007FFBAE710000), size: 8945664 (result: 0), SymType: '-exported-', PDB: 'C:\WINDOWS\System32\SHELL32.dll', fileVersion: 10.0.22621.4974
D:\Unity\2022.3.10f1\Editor\libfbxsdk.dll:libfbxsdk.dll (00007FFB13D20000), size: 10067968 (result: 0), SymType: '-exported-', PDB: 'D:\Unity\2022.3.10f1\Editor\libfbxsdk.dll', fileVersion: 2020.3.3.0
D:\Unity\2022.3.10f1\Editor\s3tcompress.dll:s3tcompress.dll (00007FFB742F0000), size: 180224 (result: 0), SymType: '-exported-', PDB: 'D:\Unity\2022.3.10f1\Editor\s3tcompress.dll'
C:\WINDOWS\System32\wintypes.dll:wintypes.dll (00007FFBACD60000), size: 1306624 (result: 0), SymType: '-exported-', PDB: 'C:\WINDOWS\System32\wintypes.dll', fileVersion: 10.0.22621.4830
D:\Unity\2022.3.10f1\Editor\etccompress.dll:etccompress.dll (00007FFB1BAF0000), size: 5066752 (result: 0), SymType: '-exported-', PDB: 'D:\Unity\2022.3.10f1\Editor\etccompress.dll'
D:\Unity\2022.3.10f1\Editor\ispc_texcomp.dll:ispc_texcomp.dll (00007FFB1BFD0000), size: 1826816 (result: 0), SymType: '-exported-', PDB: 'D:\Unity\2022.3.10f1\Editor\ispc_texcomp.dll'
D:\Unity\2022.3.10f1\Editor\compress_bc7e.dll:compress_bc7e.dll (00007FFB417E0000), size: 1433600 (result: 0), SymType: '-exported-', PDB: 'D:\Unity\2022.3.10f1\Editor\compress_bc7e.dll'
D:\Unity\2022.3.10f1\Editor\FreeImage.dll:FreeImage.dll (0000000180000000), size: 6582272 (result: 0), SymType: '-exported-', PDB: 'D:\Unity\2022.3.10f1\Editor\FreeImage.dll', fileVersion: 3.18.0.0
C:\WINDOWS\System32\WS2_32.dll:WS2_32.dll (00007FFBAD8D0000), size: 462848 (result: 0), SymType: '-exported-', PDB: 'C:\WINDOWS\System32\WS2_32.dll', fileVersion: 10.0.22621.4746
C:\WINDOWS\System32\combase.dll:combase.dll (00007FFBAE110000), size: 3735552 (result: 0), SymType: '-exported-', PDB: 'C:\WINDOWS\System32\combase.dll', fileVersion: 10.0.22621.4974
D:\Unity\2022.3.10f1\Editor\WinPixEventRuntime.dll:WinPixEventRuntime.dll (00007FFBA5CC0000), size: 45056 (result: 0), SymType: '-exported-', PDB: 'D:\Unity\2022.3.10f1\Editor\WinPixEventRuntime.dll', fileVersion: 1.0.1812.6001
C:\WINDOWS\System32\SHLWAPI.dll:SHLWAPI.dll (00007FFBAD5C0000), size: 385024 (result: 0), SymType: '-exported-', PDB: 'C:\WINDOWS\System32\SHLWAPI.dll', fileVersion: 10.0.22621.4830
C:\WINDOWS\System32\ole32.dll:ole32.dll (00007FFBAEFB0000), size: 1708032 (result: 0), SymType: '-exported-', PDB: 'C:\WINDOWS\System32\ole32.dll', fileVersion: 10.0.22621.4830
C:\WINDOWS\System32\IMM32.dll:IMM32.dll (00007FFBAD890000), size: 200704 (result: 0), SymType: '-exported-', PDB: 'C:\WINDOWS\System32\IMM32.dll', fileVersion: 10.0.22621.3374
C:\WINDOWS\System32\SETUPAPI.dll:SETUPAPI.dll (00007FFBADB50000), size: 4669440 (result: 0), SymType: '-exported-', PDB: 'C:\WINDOWS\System32\SETUPAPI.dll', fileVersion: 10.0.22621.2506
C:\WINDOWS\System32\OLEAUT32.dll:OLEAUT32.dll (00007FFBAD160000), size: 880640 (result: 0), SymType: '-exported-', PDB: 'C:\WINDOWS\System32\OLEAUT32.dll', fileVersion: 10.0.22621.3672
C:\WINDOWS\System32\WINTRUST.dll:WINTRUST.dll (00007FFBACFC0000), size: 466944 (result: 0), SymType: '-exported-', PDB: 'C:\WINDOWS\System32\WINTRUST.dll', fileVersion: 10.0.22621.4974
D:\Unity\2022.3.10f1\Editor\umbraoptimizer64.dll:umbraoptimizer64.dll (00007FFB42100000), size: 1187840 (result: 0), SymType: '-exported-', PDB: 'D:\Unity\2022.3.10f1\Editor\umbraoptimizer64.dll'
C:\WINDOWS\SYSTEM32\GLU32.dll:GLU32.dll (00007FFB8F620000), size: 184320 (result: 0), SymType: '-exported-', PDB: 'C:\WINDOWS\SYSTEM32\GLU32.dll', fileVersion: 10.0.22621.2506
C:\WINDOWS\SYSTEM32\IPHLPAPI.DLL:IPHLPAPI.DLL (00007FFBAAF70000), size: 184320 (result: 0), SymType: '-exported-', PDB: 'C:\WINDOWS\SYSTEM32\IPHLPAPI.DLL', fileVersion: 10.0.22621.1
C:\WINDOWS\SYSTEM32\WINHTTP.dll:WINHTTP.dll (00007FFBA8450000), size: 1228800 (result: 0), SymType: '-exported-', PDB: 'C:\WINDOWS\SYSTEM32\WINHTTP.dll', fileVersion: 10.0.22621.4830
C:\WINDOWS\SYSTEM32\WINMM.dll:WINMM.dll (00007FFBA6510000), size: 212992 (result: 0), SymType: '-exported-', PDB: 'C:\WINDOWS\SYSTEM32\WINMM.dll', fileVersion: 10.0.22621.4830
C:\WINDOWS\SYSTEM32\HID.DLL:HID.DLL (00007FFBAAD20000), size: 57344 (result: 0), SymType: '-exported-', PDB: 'C:\WINDOWS\SYSTEM32\HID.DLL', fileVersion: 10.0.22621.1
C:\WINDOWS\SYSTEM32\dwmapi.dll:dwmapi.dll (00007FFBA9980000), size: 176128 (result: 0), SymType: '-exported-', PDB: 'C:\WINDOWS\SYSTEM32\dwmapi.dll', fileVersion: 10.0.22621.4830
D:\Unity\2022.3.10f1\Editor\SketchUpAPI.dll:SketchUpAPI.dll (00007FFB03FA0000), size: 8990720 (result: 0), SymType: '-exported-', PDB: 'D:\Unity\2022.3.10f1\Editor\SketchUpAPI.dll', fileVersion: 23.0.0.0
C:\WINDOWS\SYSTEM32\WSOCK32.dll:WSOCK32.dll (00007FFB8F160000), size: 36864 (result: 0), SymType: '-exported-', PDB: 'C:\WINDOWS\SYSTEM32\WSOCK32.dll', fileVersion: 10.0.22621.1
C:\WINDOWS\SYSTEM32\OPENGL32.dll:OPENGL32.dll (00007FFB92250000), size: 1048576 (result: 0), SymType: '-exported-', PDB: 'C:\WINDOWS\SYSTEM32\OPENGL32.dll', fileVersion: 10.0.22621.4830
C:\WINDOWS\SYSTEM32\MSVCP140.dll:MSVCP140.dll (00007FFB9A600000), size: 577536 (result: 0), SymType: '-exported-', PDB: 'C:\WINDOWS\SYSTEM32\MSVCP140.dll', fileVersion: 14.40.33816.0
C:\WINDOWS\SYSTEM32\VCRUNTIME140.dll:VCRUNTIME140.dll (00007FFB9A5E0000), size: 122880 (result: 0), SymType: '-exported-', PDB: 'C:\WINDOWS\SYSTEM32\VCRUNTIME140.dll', fileVersion: 14.40.33816.0
C:\WINDOWS\SYSTEM32\VCRUNTIME140_1.dll:VCRUNTIME140_1.dll (00007FFB9A5D0000), size: 49152 (result: 0), SymType: '-exported-', PDB: 'C:\WINDOWS\SYSTEM32\VCRUNTIME140_1.dll', fileVersion: 14.40.33816.0
C:\WINDOWS\SYSTEM32\dxcore.dll:dxcore.dll (00007FFBA9810000), size: 225280 (result: 0), SymType: '-exported-', PDB: 'C:\WINDOWS\SYSTEM32\dxcore.dll', fileVersion: 10.0.22621.4830
D:\Unity\2022.3.10f1\Editor\SketchUpCommonPreferences.dll:SketchUpCommonPreferences.dll (00007FFB4CB10000), size: 499712 (result: 0), SymType: '-exported-', PDB: 'D:\Unity\2022.3.10f1\Editor\SketchUpCommonPreferences.dll', fileVersion: 23.0.0.0
C:\WINDOWS\SYSTEM32\Secur32.dll:Secur32.dll (00007FFBAB2E0000), size: 49152 (result: 0), SymType: '-exported-', PDB: 'C:\WINDOWS\SYSTEM32\Secur32.dll', fileVersion: 10.0.22621.1
C:\WINDOWS\SYSTEM32\VERSION.dll:VERSION.dll (00007FFBA36F0000), size: 40960 (result: 0), SymType: '-exported-', PDB: 'C:\WINDOWS\SYSTEM32\VERSION.dll', fileVersion: 10.0.22621.1
C:\WINDOWS\SYSTEM32\SSPICLI.DLL:SSPICLI.DLL (00007FFBAB7D0000), size: 274432 (result: 0), SymType: '-exported-', PDB: 'C:\WINDOWS\SYSTEM32\SSPICLI.DLL', fileVersion: 10.0.22621.3810
D:\Unity\2022.3.10f1\Editor\OpenRL.dll:OpenRL.dll (0000016C0EC70000), size: 12779520 (result: 0), SymType: '-exported-', PDB: 'D:\Unity\2022.3.10f1\Editor\OpenRL.dll', fileVersion: 1.5.0.2907
C:\WINDOWS\SYSTEM32\MSVCR100.dll:MSVCR100.dll (0000000065B00000), size: 860160 (result: 0), SymType: '-exported-', PDB: 'C:\WINDOWS\SYSTEM32\MSVCR100.dll', fileVersion: 10.0.40219.325
C:\WINDOWS\SYSTEM32\cfgmgr32.DLL:cfgmgr32.DLL (00007FFBAC1A0000), size: 319488 (result: 0), SymType: '-exported-', PDB: 'C:\WINDOWS\SYSTEM32\cfgmgr32.DLL', fileVersion: 10.0.22621.2506
C:\WINDOWS\SYSTEM32\MSVCP100.dll:MSVCP100.dll (0000000065BE0000), size: 622592 (result: 0), SymType: '-exported-', PDB: 'C:\WINDOWS\SYSTEM32\MSVCP100.dll', fileVersion: 10.0.40219.325
C:\WINDOWS\SYSTEM32\MSWSOCK.DLL:MSWSOCK.DLL (00007FFBAB9E0000), size: 434176 (result: 0), SymType: '-exported-', PDB: 'C:\WINDOWS\SYSTEM32\MSWSOCK.DLL', fileVersion: 10.0.22621.4890
D:\Unity\2022.3.10f1\Editor\embree.dll:embree.dll (00007FFB00430000), size: 16711680 (result: 0), SymType: '-exported-', PDB: 'D:\Unity\2022.3.10f1\Editor\embree.dll', fileVersion: 2.14.0.0
D:\Unity\2022.3.10f1\Editor\tbb.dll:tbb.dll (00007FFB48780000), size: 413696 (result: 0), SymType: '-exported-', PDB: 'D:\Unity\2022.3.10f1\Editor\tbb.dll', fileVersion: 2017.0.2016.1004
C:\WINDOWS\SYSTEM32\MSVCP120.dll:MSVCP120.dll (00007FFB47D90000), size: 679936 (result: 0), SymType: '-exported-', PDB: 'C:\WINDOWS\SYSTEM32\MSVCP120.dll', fileVersion: 12.0.40664.0
C:\WINDOWS\SYSTEM32\MSVCR120.dll:MSVCR120.dll (00007FFB46670000), size: 978944 (result: 0), SymType: '-exported-', PDB: 'C:\WINDOWS\SYSTEM32\MSVCR120.dll', fileVersion: 12.0.40664.0
D:\Unity\2022.3.10f1\Editor\OpenRL_pthread.dll:OpenRL_pthread.dll (0000016C0F8C0000), size: 61440 (result: 0), SymType: '-exported-', PDB: 'D:\Unity\2022.3.10f1\Editor\OpenRL_pthread.dll', fileVersion: 2.9.0.0
C:\WINDOWS\SYSTEM32\MSASN1.dll:MSASN1.dll (00007FFBABD10000), size: 73728 (result: 0), SymType: '-exported-', PDB: 'C:\WINDOWS\SYSTEM32\MSASN1.dll', fileVersion: 10.0.22621.2506
C:\WINDOWS\System32\bcryptprimitives.dll:bcryptprimitives.dll (00007FFBACCE0000), size: 503808 (result: 0), SymType: '-exported-', PDB: 'C:\WINDOWS\System32\bcryptprimitives.dll', fileVersion: 10.0.22621.4317
C:\WINDOWS\SYSTEM32\kernel.appcore.dll:kernel.appcore.dll (00007FFBAB500000), size: 98304 (result: 0), SymType: '-exported-', PDB: 'C:\WINDOWS\SYSTEM32\kernel.appcore.dll', fileVersion: 10.0.22621.3958
C:\WINDOWS\system32\uxtheme.dll:uxtheme.dll (00007FFBA96E0000), size: 733184 (result: 0), SymType: '-exported-', PDB: 'C:\WINDOWS\system32\uxtheme.dll', fileVersion: 10.0.22621.4974
C:\WINDOWS\SYSTEM32\windows.storage.dll:windows.storage.dll (00007FFBAA410000), size: 9490432 (result: 0), SymType: '-exported-', PDB: 'C:\WINDOWS\SYSTEM32\windows.storage.dll', fileVersion: 10.0.22621.5037
C:\WINDOWS\System32\SHCORE.dll:SHCORE.dll (00007FFBAD4B0000), size: 1089536 (result: 0), SymType: '-exported-', PDB: 'C:\WINDOWS\System32\SHCORE.dll', fileVersion: 10.0.22621.4974
C:\WINDOWS\SYSTEM32\profapi.dll:profapi.dll (00007FFBAC3E0000), size: 176128 (result: 0), SymType: '-nosymbols-', PDB: 'C:\WINDOWS\SYSTEM32\profapi.dll', fileVersion: 10.0.22621.4974
C:\WINDOWS\system32\IconCodecService.dll:IconCodecService.dll (00007FFB92910000), size: 36864 (result: 0), SymType: '-nosymbols-', PDB: 'C:\WINDOWS\system32\IconCodecService.dll', fileVersion: 10.0.22621.1
C:\WINDOWS\SYSTEM32\WindowsCodecs.dll:WindowsCodecs.dll (00007FFBA9460000), size: 1769472 (result: 0), SymType: '-exported-', PDB: 'C:\WINDOWS\SYSTEM32\WindowsCodecs.dll', fileVersion: 10.0.22621.4830
C:\WINDOWS\System32\clbcatq.dll:clbcatq.dll (00007FFBAF1E0000), size: 720896 (result: 0), SymType: '-exported-', PDB: 'C:\WINDOWS\System32\clbcatq.dll', fileVersion: 2001.12.10941.16384
C:\WINDOWS\System32\netprofm.dll:netprofm.dll (00007FFBA7C50000), size: 491520 (result: 0), SymType: '-exported-', PDB: 'C:\WINDOWS\System32\netprofm.dll', fileVersion: 10.0.22621.3527
C:\WINDOWS\System32\NSI.dll:NSI.dll (00007FFBAF1D0000), size: 36864 (result: 0), SymType: '-exported-', PDB: 'C:\WINDOWS\System32\NSI.dll', fileVersion: 10.0.22621.4746
C:\WINDOWS\SYSTEM32\dhcpcsvc6.DLL:dhcpcsvc6.DLL (00007FFBA6760000), size: 102400 (result: 0), SymType: '-exported-', PDB: 'C:\WINDOWS\SYSTEM32\dhcpcsvc6.DLL', fileVersion: 10.0.22621.2506
C:\WINDOWS\SYSTEM32\dhcpcsvc.DLL:dhcpcsvc.DLL (00007FFBA6740000), size: 126976 (result: 0), SymType: '-exported-', PDB: 'C:\WINDOWS\SYSTEM32\dhcpcsvc.DLL', fileVersion: 10.0.22621.2506
C:\WINDOWS\SYSTEM32\DNSAPI.dll:DNSAPI.dll (00007FFBAAFA0000), size: 1056768 (result: 0), SymType: '-exported-', PDB: 'C:\WINDOWS\SYSTEM32\DNSAPI.dll', fileVersion: 10.0.22621.4830
C:\WINDOWS\system32\napinsp.dll:napinsp.dll (00007FFB96640000), size: 94208 (result: 0), SymType: '-exported-', PDB: 'C:\WINDOWS\system32\napinsp.dll', fileVersion: 10.0.22621.1
C:\WINDOWS\system32\pnrpnsp.dll:pnrpnsp.dll (00007FFB750F0000), size: 110592 (result: 0), SymType: '-exported-', PDB: 'C:\WINDOWS\system32\pnrpnsp.dll', fileVersion: 10.0.22621.1
C:\WINDOWS\System32\winrnr.dll:winrnr.dll (00007FFB74260000), size: 69632 (result: 0), SymType: '-exported-', PDB: 'C:\WINDOWS\System32\winrnr.dll', fileVersion: 10.0.22621.1
C:\WINDOWS\system32\wshbth.dll:wshbth.dll (00007FFBA63B0000), size: 86016 (result: 0), SymType: '-exported-', PDB: 'C:\WINDOWS\system32\wshbth.dll', fileVersion: 10.0.22621.3958
C:\WINDOWS\system32\nlansp_c.dll:nlansp_c.dll (00007FFB24E30000), size: 159744 (result: 0), SymType: '-exported-', PDB: 'C:\WINDOWS\system32\nlansp_c.dll', fileVersion: 10.0.22621.4830
C:\WINDOWS\System32\fwpuclnt.dll:fwpuclnt.dll (00007FFBA3FC0000), size: 536576 (result: 0), SymType: '-exported-', PDB: 'C:\WINDOWS\System32\fwpuclnt.dll', fileVersion: 10.0.22621.4249
C:\Windows\System32\rasadhlp.dll:rasadhlp.dll (00007FFBA3FB0000), size: 40960 (result: 0), SymType: '-exported-', PDB: 'C:\Windows\System32\rasadhlp.dll', fileVersion: 10.0.22621.1
C:\WINDOWS\System32\npmproxy.dll:npmproxy.dll (00007FFBA3B40000), size: 98304 (result: 0), SymType: '-exported-', PDB: 'C:\WINDOWS\System32\npmproxy.dll', fileVersion: 10.0.22621.3527
D:\Unity\2022.3.10f1\Editor\NVUnityPlugin.DLL:NVUnityPlugin.DLL (00007FFB3B6F0000), size: 1519616 (result: 0), SymType: '-exported-', PDB: 'D:\Unity\2022.3.10f1\Editor\NVUnityPlugin.DLL'
D:\Unity\2022.3.10f1\Editor\Data\Tools\astcenc-avx2.dll:astcenc-avx2.dll (00007FFB484B0000), size: 540672 (result: 0), SymType: '-exported-', PDB: 'D:\Unity\2022.3.10f1\Editor\Data\Tools\astcenc-avx2.dll'
C:\WINDOWS\SYSTEM32\d3d11.dll:d3d11.dll (00007FFBA5380000), size: 2453504 (result: 0), SymType: '-exported-', PDB: 'C:\WINDOWS\SYSTEM32\d3d11.dll', fileVersion: 10.0.22621.4830
C:\WINDOWS\SYSTEM32\dxgi.dll:dxgi.dll (00007FFBA9870000), size: 1011712 (result: 0), SymType: '-exported-', PDB: 'C:\WINDOWS\SYSTEM32\dxgi.dll', fileVersion: 10.0.22621.4830
C:\WINDOWS\SYSTEM32\directxdatabasehelper.dll:directxdatabasehelper.dll (00007FFBA3810000), size: 299008 (result: 0), SymType: '-nosymbols-', PDB: 'C:\WINDOWS\SYSTEM32\directxdatabasehelper.dll', fileVersion: 10.0.22621.4830
C:\Windows\System32\DriverStore\FileRepository\iigd_dch.inf_amd64_5dc1a2977f07512e\igd10iumd64.dll:igd10iumd64.dll (00007FFBA0370000), size: 18751488 (result: 0), SymType: '-exported-', PDB: 'C:\Windows\System32\DriverStore\FileRepository\iigd_dch.inf_amd64_5dc1a2977f07512e\igd10iumd64.dll', fileVersion: 27.20.100.9664
C:\WINDOWS\SYSTEM32\ncrypt.dll:ncrypt.dll (00007FFBABE70000), size: 184320 (result: 0), SymType: '-exported-', PDB: 'C:\WINDOWS\SYSTEM32\ncrypt.dll', fileVersion: 10.0.22621.4317
C:\WINDOWS\SYSTEM32\apphelp.dll:apphelp.dll (00007FFBA6270000), size: 618496 (result: 0), SymType: '-exported-', PDB: 'C:\WINDOWS\SYSTEM32\apphelp.dll', fileVersion: 10.0.22621.4974
C:\WINDOWS\SYSTEM32\NTASN1.dll:NTASN1.dll (00007FFBABE30000), size: 225280 (result: 0), SymType: '-nosymbols-', PDB: 'C:\WINDOWS\SYSTEM32\NTASN1.dll', fileVersion: 10.0.22621.1
C:\WINDOWS\SYSTEM32\D3D10Warp.dll:D3D10Warp.dll (00007FFBA25F0000), size: 7467008 (result: 0), SymType: '-exported-', PDB: 'C:\WINDOWS\SYSTEM32\D3D10Warp.dll', fileVersion: 10.0.22621.4974
C:\WINDOWS\system32\wbem\wbemprox.dll:wbemprox.dll (00007FFB8A7A0000), size: 65536 (result: 0), SymType: '-exported-', PDB: 'C:\WINDOWS\system32\wbem\wbemprox.dll', fileVersion: 10.0.22621.3672
C:\WINDOWS\SYSTEM32\wbemcomn.dll:wbemcomn.dll (00007FFB8A720000), size: 524288 (result: 0), SymType: '-exported-', PDB: 'C:\WINDOWS\SYSTEM32\wbemcomn.dll', fileVersion: 10.0.22621.2506
C:\WINDOWS\system32\wbem\wbemsvc.dll:wbemsvc.dll (00007FFB829F0000), size: 81920 (result: 0), SymType: '-exported-', PDB: 'C:\WINDOWS\system32\wbem\wbemsvc.dll', fileVersion: 10.0.22621.3672
C:\WINDOWS\system32\wbem\fastprox.dll:fastprox.dll (00007FFB7E8F0000), size: 1015808 (result: 0), SymType: '-exported-', PDB: 'C:\WINDOWS\system32\wbem\fastprox.dll', fileVersion: 10.0.22621.4830
C:\WINDOWS\SYSTEM32\amsi.dll:amsi.dll (00007FFB82190000), size: 118784 (result: 0), SymType: '-exported-', PDB: 'C:\WINDOWS\SYSTEM32\amsi.dll', fileVersion: 10.0.22621.3527
C:\WINDOWS\SYSTEM32\USERENV.dll:USERENV.dll (00007FFBABAE0000), size: 163840 (result: 0), SymType: '-exported-', PDB: 'C:\WINDOWS\SYSTEM32\USERENV.dll', fileVersion: 10.0.22621.3527
C:\ProgramData\Microsoft\Windows Defender\Platform\4.18.25010.11-0\MpOav.dll:MpOav.dll (00007FFB7C190000), size: 528384 (result: 0), SymType: '-exported-', PDB: 'C:\ProgramData\Microsoft\Windows Defender\Platform\4.18.25010.11-0\MpOav.dll', fileVersion: 4.18.25010.11
C:\WINDOWS\SYSTEM32\dbghelp.dll:dbghelp.dll (00007FFBA9D50000), size: 2301952 (result: 0), SymType: '-exported-', PDB: 'C:\WINDOWS\SYSTEM32\dbghelp.dll', fileVersion: 10.0.22621.3593
  ERROR: SymGetSymFromAddr64, GetLastError: 'Tentative d’accès à une adresse non valide.' (Address: 00007FF638B52918)
0x00007FF638B52918 (Unity) (function-name not available)
  ERROR: SymGetSymFromAddr64, GetLastError: 'Tentative d’accès à une adresse non valide.' (Address: 00007FF638B52A31)
0x00007FF638B52A31 (Unity) (function-name not available)
  ERROR: SymGetSymFromAddr64, GetLastError: 'Tentative d’accès à une adresse non valide.' (Address: 00007FF638B6219A)
0x00007FF638B6219A (Unity) (function-name not available)
  ERROR: SymGetSymFromAddr64, GetLastError: 'Tentative d’accès à une adresse non valide.' (Address: 00007FF63AF80AB8)
0x00007FF63AF80AB8 (Unity) (function-name not available)
  ERROR: SymGetSymFromAddr64, GetLastError: 'Tentative d’accès à une adresse non valide.' (Address: 00007FF63B044558)
0x00007FF63B044558 (Unity) (function-name not available)
  ERROR: SymGetSymFromAddr64, GetLastError: 'Tentative d’accès à une adresse non valide.' (Address: 00007FF63AF4A450)
0x00007FF63AF4A450 (Unity) (function-name not available)
  ERROR: SymGetSymFromAddr64, GetLastError: 'Tentative d’accès à une adresse non valide.' (Address: 00007FFBAF41547F)
0x00007FFBAF41547F (ntdll) (function-name not available)
  ERROR: SymGetSymFromAddr64, GetLastError: 'Tentative d’accès à une adresse non valide.' (Address: 00007FFBAF38E886)
0x00007FFBAF38E886 (ntdll) (function-name not available)
  ERROR: SymGetSymFromAddr64, GetLastError: 'Tentative d’accès à une adresse non valide.' (Address: 00007FFBAF41447E)
0x00007FFBAF41447E (ntdll) (function-name not available)
  ERROR: SymGetSymFromAddr64, GetLastError: 'Tentative d’accès à une adresse non valide.' (Address: 00007FF63838499F)
0x00007FF63838499F (Unity) (function-name not available)
  ERROR: SymGetSymFromAddr64, GetLastError: 'Tentative d’accès à une adresse non valide.' (Address: 00007FF63836D4D6)
0x00007FF63836D4D6 (Unity) (function-name not available)
  ERROR: SymGetSymFromAddr64, GetLastError: 'Tentative d’accès à une adresse non valide.' (Address: 00007FF63837783E)
0x00007FF63837783E (Unity) (function-name not available)
  ERROR: SymGetSymFromAddr64, GetLastError: 'Tentative d’accès à une adresse non valide.' (Address: 00007FF6387F7E98)
0x00007FF6387F7E98 (Unity) (function-name not available)
  ERROR: SymGetSymFromAddr64, GetLastError: 'Tentative d’accès à une adresse non valide.' (Address: 00007FF63A2737AB)
0x00007FF63A2737AB (Unity) (function-name not available)
  ERROR: SymGetSymFromAddr64, GetLastError: 'Tentative d’accès à une adresse non valide.' (Address: 00007FF63A272DB9)
0x00007FF63A272DB9 (Unity) (function-name not available)
  ERROR: SymGetSymFromAddr64, GetLastError: 'Tentative d’accès à une adresse non valide.' (Address: 00007FF63A26E5F1)
0x00007FF63A26E5F1 (Unity) (function-name not available)
  ERROR: SymGetSymFromAddr64, GetLastError: 'Tentative d’accès à une adresse non valide.' (Address: 00007FF63A26D380)
0x00007FF63A26D380 (Unity) (function-name not available)
  ERROR: SymGetSymFromAddr64, GetLastError: 'Tentative d’accès à une adresse non valide.' (Address: 00007FF638B3E94D)
0x00007FF638B3E94D (Unity) (function-name not available)
  ERROR: SymGetSymFromAddr64, GetLastError: 'Tentative d’accès à une adresse non valide.' (Address: 00007FF638B3F921)
0x00007FF638B3F921 (Unity) (function-name not available)
  ERROR: SymGetSymFromAddr64, GetLastError: 'Tentative d’accès à une adresse non valide.' (Address: 00007FF638B3F590)
0x00007FF638B3F590 (Unity) (function-name not available)
  ERROR: SymGetSymFromAddr64, GetLastError: 'Tentative d’accès à une adresse non valide.' (Address: 00007FF638B10DCF)
0x00007FF638B10DCF (Unity) (function-name not available)
  ERROR: SymGetSymFromAddr64, GetLastError: 'Tentative d’accès à une adresse non valide.' (Address: 00007FF638B116F0)
0x00007FF638B116F0 (Unity) (function-name not available)
  ERROR: SymGetSymFromAddr64, GetLastError: 'Tentative d’accès à une adresse non valide.' (Address: 00007FF638B15AE2)
0x00007FF638B15AE2 (Unity) (function-name not available)
  ERROR: SymGetSymFromAddr64, GetLastError: 'Tentative d’accès à une adresse non valide.' (Address: 00007FF638718A0E)
0x00007FF638718A0E (Unity) (function-name not available)
  ERROR: SymGetSymFromAddr64, GetLastError: 'Tentative d’accès à une adresse non valide.' (Address: 00007FF63A2704B6)
0x00007FF63A2704B6 (Unity) (function-name not available)
  ERROR: SymGetSymFromAddr64, GetLastError: 'Tentative d’accès à une adresse non valide.' (Address: 00007FF6386EB7D4)
0x00007FF6386EB7D4 (Unity) (function-name not available)
  ERROR: SymGetSymFromAddr64, GetLastError: 'Tentative d’accès à une adresse non valide.' (Address: 00007FF6396B9CCE)
0x00007FF6396B9CCE (Unity) (function-name not available)
  ERROR: SymGetSymFromAddr64, GetLastError: 'Tentative d’accès à une adresse non valide.' (Address: 00007FF639B43635)
0x00007FF639B43635 (Unity) (function-name not available)
  ERROR: SymGetSymFromAddr64, GetLastError: 'Tentative d’accès à une adresse non valide.' (Address: 00007FF63AF27DBE)
0x00007FF63AF27DBE (Unity) (function-name not available)
  ERROR: SymGetSymFromAddr64, GetLastError: 'Tentative d’accès à une adresse non valide.' (Address: 00007FFBADA7259D)
0x00007FFBADA7259D (KERNEL32) (function-name not available)
  ERROR: SymGetSymFromAddr64, GetLastError: 'Tentative d’accès à une adresse non valide.' (Address: 00007FFBAF3CAF38)
0x00007FFBAF3CAF38 (ntdll) (function-name not available)

========== END OF STACKTRACE ===========

A crash has been intercepted by the crash handler. For call stack and other details, see the latest crash report generated in:
 * C:/Users/alex-/AppData/Local/Temp/Unity/Editor/Crashes
