Using pre-set license
Built from '2022.3/staging' branch; Version is '2022.3.10f1 (ff3792e53c62) revision 16725906'; Using compiler version '192829333'; Build Type 'Release'
OS: 'Windows 11  (10.0.22631) 64bit Core' Language: 'fr' Physical Memory: 7991 MB
BatchMode: 1, IsHumanControllingUs: 0, StartBugReporterOnCrash: 0, Is64bit: 1, IsPro: 1

COMMAND LINE ARGUMENTS:
D:\Unity\2022.3.10f1\Editor\Unity.exe
-adb2
-batchMode
-noUpm
-name
AssetImportWorker0
-projectPath
D:/SemaineThematique
-logFile
Logs/AssetImportWorker0.log
-srvPort
55214
Successfully changed project path to: D:/SemaineThematique
D:/SemaineThematique
[UnityMemory] Configuration Parameters - Can be set up in boot.config
    "memorysetup-bucket-allocator-granularity=16"
    "memorysetup-bucket-allocator-bucket-count=8"
    "memorysetup-bucket-allocator-block-size=33554432"
    "memorysetup-bucket-allocator-block-count=8"
    "memorysetup-main-allocator-block-size=16777216"
    "memorysetup-thread-allocator-block-size=16777216"
    "memorysetup-gfx-main-allocator-block-size=16777216"
    "memorysetup-gfx-thread-allocator-block-size=16777216"
    "memorysetup-cache-allocator-block-size=4194304"
    "memorysetup-typetree-allocator-block-size=2097152"
    "memorysetup-profiler-bucket-allocator-granularity=16"
    "memorysetup-profiler-bucket-allocator-bucket-count=8"
    "memorysetup-profiler-bucket-allocator-block-size=33554432"
    "memorysetup-profiler-bucket-allocator-block-count=8"
    "memorysetup-profiler-allocator-block-size=16777216"
    "memorysetup-profiler-editor-allocator-block-size=1048576"
    "memorysetup-temp-allocator-size-main=16777216"
    "memorysetup-job-temp-allocator-block-size=2097152"
    "memorysetup-job-temp-allocator-block-size-background=1048576"
    "memorysetup-job-temp-allocator-reduction-small-platforms=262144"
    "memorysetup-allocator-temp-initial-block-size-main=262144"
    "memorysetup-allocator-temp-initial-block-size-worker=262144"
    "memorysetup-temp-allocator-size-background-worker=32768"
    "memorysetup-temp-allocator-size-job-worker=262144"
    "memorysetup-temp-allocator-size-preload-manager=33554432"
    "memorysetup-temp-allocator-size-nav-mesh-worker=65536"
    "memorysetup-temp-allocator-size-audio-worker=65536"
    "memorysetup-temp-allocator-size-cloud-worker=32768"
    "memorysetup-temp-allocator-size-gi-baking-worker=262144"
    "memorysetup-temp-allocator-size-gfx=262144"
Player connection [16424] Host "[IP] 10.213.151.96 [Port] 0 [Flags] 2 [Guid] 3145737905 [EditorId] 3145737905 [Version] 1048832 [Id] WindowsEditor(7,Pc-alex-lycee) [Debug] 1 [PackageName] WindowsEditor [ProjectName] Editor" joined multi-casting on [225.0.0.222:54997]...

Player connection [16424] Host "[IP] 10.213.151.96 [Port] 0 [Flags] 2 [Guid] 3145737905 [EditorId] 3145737905 [Version] 1048832 [Id] WindowsEditor(7,Pc-alex-lycee) [Debug] 1 [PackageName] WindowsEditor [ProjectName] Editor" joined alternative multi-casting on [225.0.0.222:34997]...

[Physics::Module] Initialized MultithreadedJobDispatcher with 7 workers.
Refreshing native plugins compatible for Editor in 33.32 ms, found 3 plugins.
Preloading 0 native plugins for Editor in 0.00 ms.
Initialize engine version: 2022.3.10f1 (ff3792e53c62)
[Subsystems] Discovering subsystems at path D:/Unity/2022.3.10f1/Editor/Data/Resources/UnitySubsystems
[Subsystems] Discovering subsystems at path D:/SemaineThematique/Assets
GfxDevice: creating device client; threaded=0; jobified=0
Direct3D:
    Version:  Direct3D 11.0 [level 11.1]
    Renderer: Intel(R) Iris(R) Xe Graphics (ID=0x9a49)
    Vendor:   Intel
    VRAM:     3995 MB
    Driver:   27.20.100.9664
Initialize mono
Mono path[0] = 'D:/Unity/2022.3.10f1/Editor/Data/Managed'
Mono path[1] = 'D:/Unity/2022.3.10f1/Editor/Data/MonoBleedingEdge/lib/mono/unityjit-win32'
Mono config path = 'D:/Unity/2022.3.10f1/Editor/Data/MonoBleedingEdge/etc'
Using monoOptions --debugger-agent=transport=dt_socket,embedding=1,server=y,suspend=n,address=127.0.0.1:56040
Begin MonoManager ReloadAssembly
Registering precompiled unity dll's ...
Register platform support module: D:/Unity/2022.3.10f1/Editor/Data/PlaybackEngines/WebGLSupport/UnityEditor.WebGL.Extensions.dll
Register platform support module: D:/Unity/2022.3.10f1/Editor/Data/PlaybackEngines/WindowsStandaloneSupport/UnityEditor.WindowsStandalone.Extensions.dll
Registered in 0.004914 seconds.
- Loaded All Assemblies, in  0.535 seconds
Native extension for WindowsStandalone target not found
Native extension for WebGL target not found
Mono: successfully reloaded assembly
- Finished resetting the current domain, in  0.937 seconds
Domain Reload Profiling: 1472ms
	BeginReloadAssembly (181ms)
		ExecutionOrderSort (0ms)
		DisableScriptedObjects (0ms)
		BackupInstance (0ms)
		ReleaseScriptingObjects (0ms)
		CreateAndSetChildDomain (2ms)
	RebuildCommonClasses (45ms)
	RebuildNativeTypeToScriptingClass (16ms)
	initialDomainReloadingComplete (64ms)
	LoadAllAssembliesAndSetupDomain (229ms)
		LoadAssemblies (177ms)
		RebuildTransferFunctionScriptingTraits (0ms)
		AnalyzeDomain (226ms)
			TypeCache.Refresh (216ms)
				TypeCache.ScanAssembly (177ms)
			ScanForSourceGeneratedMonoScriptInfo (5ms)
			ResolveRequiredComponents (5ms)
	FinalizeReload (937ms)
		ReleaseScriptCaches (0ms)
		RebuildScriptCaches (0ms)
		SetupLoadedEditorAssemblies (304ms)
			LogAssemblyErrors (0ms)
			InitializePlatformSupportModulesInManaged (30ms)
			SetLoadedEditorAssemblies (19ms)
			RefreshPlugins (0ms)
			BeforeProcessingInitializeOnLoad (18ms)
			ProcessInitializeOnLoadAttributes (181ms)
			ProcessInitializeOnLoadMethodAttributes (54ms)
			AfterProcessingInitializeOnLoad (0ms)
			EditorAssembliesLoaded (1ms)
		ExecutionOrderSort2 (0ms)
		AwakeInstancesAfterBackupRestoration (0ms)
========================================================================
Worker process is ready to serve import requests
Begin MonoManager ReloadAssembly
Symbol file LoadedFromMemory is not a mono symbol file
- Loaded All Assemblies, in  1.512 seconds
Refreshing native plugins compatible for Editor in 13.32 ms, found 3 plugins.
Native extension for WindowsStandalone target not found
Native extension for WebGL target not found
Package Manager log level set to [2]
[Package Manager] Server::EnsureServerProcessIsRunning -- launch failed, reason: Unity was launched with the -noUpm command-line argument
[Package Manager] UpmClient::Send -- Unable to send message (not connected to UPM process).
[Package Manager] Cannot connect to Unity Package Manager local server
Mono: successfully reloaded assembly
- Finished resetting the current domain, in  1.462 seconds
Domain Reload Profiling: 2976ms
	BeginReloadAssembly (232ms)
		ExecutionOrderSort (0ms)
		DisableScriptedObjects (7ms)
		BackupInstance (0ms)
		ReleaseScriptingObjects (0ms)
		CreateAndSetChildDomain (31ms)
	RebuildCommonClasses (42ms)
	RebuildNativeTypeToScriptingClass (14ms)
	initialDomainReloadingComplete (62ms)
	LoadAllAssembliesAndSetupDomain (1164ms)
		LoadAssemblies (792ms)
		RebuildTransferFunctionScriptingTraits (0ms)
		AnalyzeDomain (514ms)
			TypeCache.Refresh (427ms)
				TypeCache.ScanAssembly (386ms)
			ScanForSourceGeneratedMonoScriptInfo (67ms)
			ResolveRequiredComponents (18ms)
	FinalizeReload (1463ms)
		ReleaseScriptCaches (0ms)
		RebuildScriptCaches (0ms)
		SetupLoadedEditorAssemblies (1177ms)
			LogAssemblyErrors (0ms)
			InitializePlatformSupportModulesInManaged (9ms)
			SetLoadedEditorAssemblies (19ms)
			RefreshPlugins (0ms)
			BeforeProcessingInitializeOnLoad (160ms)
			ProcessInitializeOnLoadAttributes (716ms)
			ProcessInitializeOnLoadMethodAttributes (271ms)
			AfterProcessingInitializeOnLoad (2ms)
			EditorAssembliesLoaded (0ms)
		ExecutionOrderSort2 (0ms)
		AwakeInstancesAfterBackupRestoration (7ms)
Launched and connected shader compiler UnityShaderCompiler.exe after 0.08 seconds
Refreshing native plugins compatible for Editor in 10.76 ms, found 3 plugins.
Preloading 0 native plugins for Editor in 0.00 ms.
Unloading 7121 Unused Serialized files (Serialized files now loaded: 0)
Unloading 129 unused Assets / (502.5 KB). Loaded Objects now: 7558.
Memory consumption went from 257.3 MB to 256.9 MB.
Total: 16.547100 ms (FindLiveObjects: 0.769900 ms CreateObjectMapping: 0.373100 ms MarkObjects: 13.025200 ms  DeleteObjects: 2.376800 ms)

AssetImportParameters requested are different than current active one (requested -> active):
  custom:container-demuxer-ogg: 62fdf1f143b41e24485cea50d1cbac27 -> 
  custom:framework-win-MediaFoundation: 216162199b28c13a410421893ffa2e32 -> 
  custom:container-muxer-webm: aa71ff27fc2769a1b78a27578f13a17b -> 
  custom:video-decoder-webm-vp8: 9c59270c3fd7afecdb556c50c9e8de78 -> 
  custom:SearchIndexIgnoredProperties: e643bd26f0fe6173181afceb89e7c659 -> 
  custom:AudioImporter_EditorPlatform: d09bf68614088b80899f8185d706f6e7 -> 
  custom:audio-decoder-ogg-vorbis: bf7c407c2cedff20999df2af8eb42d56 -> 
  custom:audio-encoder-webm-vorbis: bf7c407c2cedff20999df2af8eb42d56 -> 
  custom:video-codec-MediaFoundation-h265: 746d11721c4dcdbdad8f713fa42b33f4 -> 
  custom:video-decoder-ogg-theora: a1e56fd34408186e4bbccfd4996cb3dc -> 
  custom:CustomObjectIndexerAttribute: a3ef5dd2817f97addfee359851a9dba5 -> 
  custom:container-demuxer-webm: 4f35f7cbe854078d1ac9338744f61a02 -> 
  custom:video-encoder-webm-vp8: eb34c28f22e8b96e1ab97ce403110664 -> 
========================================================================
Received Import Request.
  Time since last request: 12644.074390 seconds.
  path: Assets/SapphiArt/SapphiArtchan/Scenes/SapphiArtChan.unity
  artifactKey: Guid(3f0b425650a5c5440995d3e25fdaaf68) Importer(815301076,1909f56bfc062723c751e8b465ee728b)
Start importing Assets/SapphiArt/SapphiArtchan/Scenes/SapphiArtChan.unity using Guid(3f0b425650a5c5440995d3e25fdaaf68) Importer(815301076,1909f56bfc062723c751e8b465ee728b)  -> (artifact id: 'c315f988101db40b3d9ff8eff2b94d63') in 0.012363 seconds
Number of updated asset objects reloaded before import = 0
Number of asset objects unloaded after import = 0
========================================================================
Received Import Request.
  Time since last request: 9.226035 seconds.
  path: Assets/AcquireChan/Scenes
  artifactKey: Guid(a23be5f2d5a9e4f4ba8dcc531fcdcaf2) Importer(815301076,1909f56bfc062723c751e8b465ee728b)
Start importing Assets/AcquireChan/Scenes using Guid(a23be5f2d5a9e4f4ba8dcc531fcdcaf2) Importer(815301076,1909f56bfc062723c751e8b465ee728b)  -> (artifact id: '442b5fde432306e060b5441cc4a69461') in 0.000904 seconds
Number of updated asset objects reloaded before import = 0
Number of asset objects unloaded after import = 0
========================================================================
Received Import Request.
  Time since last request: 1.549446 seconds.
  path: Assets/AcquireChan/Scenes/control.unity
  artifactKey: Guid(f1027d2def606d644833ff34f7a15b6d) Importer(815301076,1909f56bfc062723c751e8b465ee728b)
Start importing Assets/AcquireChan/Scenes/control.unity using Guid(f1027d2def606d644833ff34f7a15b6d) Importer(815301076,1909f56bfc062723c751e8b465ee728b)  -> (artifact id: '80f205ff184fdf49d162bfb2123111b0') in 0.000891 seconds
Number of updated asset objects reloaded before import = 0
Number of asset objects unloaded after import = 0
========================================================================
Received Prepare
Begin MonoManager ReloadAssembly
Symbol file LoadedFromMemory is not a mono symbol file
- Loaded All Assemblies, in  1.123 seconds
Refreshing native plugins compatible for Editor in 7.50 ms, found 3 plugins.
Native extension for WindowsStandalone target not found
Native extension for WebGL target not found
[Package Manager] Server::EnsureServerProcessIsRunning -- launch failed, reason: Unity was launched with the -noUpm command-line argument
[Package Manager] UpmClient::Send -- Unable to send message (not connected to UPM process).
[Package Manager] Cannot connect to Unity Package Manager local server
Mono: successfully reloaded assembly
- Finished resetting the current domain, in  2.506 seconds
Domain Reload Profiling: 3628ms
	BeginReloadAssembly (178ms)
		ExecutionOrderSort (0ms)
		DisableScriptedObjects (7ms)
		BackupInstance (0ms)
		ReleaseScriptingObjects (0ms)
		CreateAndSetChildDomain (65ms)
	RebuildCommonClasses (31ms)
	RebuildNativeTypeToScriptingClass (18ms)
	initialDomainReloadingComplete (27ms)
	LoadAllAssembliesAndSetupDomain (867ms)
		LoadAssemblies (910ms)
		RebuildTransferFunctionScriptingTraits (0ms)
		AnalyzeDomain (31ms)
			TypeCache.Refresh (10ms)
				TypeCache.ScanAssembly (0ms)
			ScanForSourceGeneratedMonoScriptInfo (0ms)
			ResolveRequiredComponents (18ms)
	FinalizeReload (2507ms)
		ReleaseScriptCaches (0ms)
		RebuildScriptCaches (0ms)
		SetupLoadedEditorAssemblies (1007ms)
			LogAssemblyErrors (0ms)
			InitializePlatformSupportModulesInManaged (8ms)
			SetLoadedEditorAssemblies (8ms)
			RefreshPlugins (0ms)
			BeforeProcessingInitializeOnLoad (125ms)
			ProcessInitializeOnLoadAttributes (597ms)
			ProcessInitializeOnLoadMethodAttributes (267ms)
			AfterProcessingInitializeOnLoad (2ms)
			EditorAssembliesLoaded (0ms)
		ExecutionOrderSort2 (0ms)
		AwakeInstancesAfterBackupRestoration (13ms)
Refreshing native plugins compatible for Editor in 8.63 ms, found 3 plugins.
Preloading 0 native plugins for Editor in 0.00 ms.
Unloading 6983 Unused Serialized files (Serialized files now loaded: 0)
Unloading 78 unused Assets / (451.0 KB). Loaded Objects now: 7574.
Memory consumption went from 226.3 MB to 225.9 MB.
Total: 11.683300 ms (FindLiveObjects: 0.778300 ms CreateObjectMapping: 0.432400 ms MarkObjects: 10.079100 ms  DeleteObjects: 0.391400 ms)

Prepare: number of updated asset objects reloaded= 0
AssetImportParameters requested are different than current active one (requested -> active):
  custom:container-demuxer-ogg: 62fdf1f143b41e24485cea50d1cbac27 -> 
  custom:framework-win-MediaFoundation: 216162199b28c13a410421893ffa2e32 -> 
  custom:container-muxer-webm: aa71ff27fc2769a1b78a27578f13a17b -> 
  custom:video-decoder-webm-vp8: 9c59270c3fd7afecdb556c50c9e8de78 -> 
  custom:SearchIndexIgnoredProperties: e643bd26f0fe6173181afceb89e7c659 -> 
  custom:AudioImporter_EditorPlatform: d09bf68614088b80899f8185d706f6e7 -> 
  custom:audio-decoder-ogg-vorbis: bf7c407c2cedff20999df2af8eb42d56 -> 
  custom:audio-encoder-webm-vorbis: bf7c407c2cedff20999df2af8eb42d56 -> 
  custom:video-codec-MediaFoundation-h265: 746d11721c4dcdbdad8f713fa42b33f4 -> 
  custom:video-decoder-ogg-theora: a1e56fd34408186e4bbccfd4996cb3dc -> 
  custom:CustomObjectIndexerAttribute: a3ef5dd2817f97addfee359851a9dba5 -> 
  custom:container-demuxer-webm: 4f35f7cbe854078d1ac9338744f61a02 -> 
  custom:video-encoder-webm-vp8: eb34c28f22e8b96e1ab97ce403110664 -> 
========================================================================
Received Import Request.
  Time since last request: 23.365802 seconds.
  path: Assets/AcquireChan/Scenes/motionView.unity
  artifactKey: Guid(dd6288e09125abf44b48db46513a8990) Importer(815301076,1909f56bfc062723c751e8b465ee728b)
Start importing Assets/AcquireChan/Scenes/motionView.unity using Guid(dd6288e09125abf44b48db46513a8990) Importer(815301076,1909f56bfc062723c751e8b465ee728b)  -> (artifact id: '0ecfdce0283fdc693e2ff5227054e4b3') in 0.003067 seconds
Number of updated asset objects reloaded before import = 0
Number of asset objects unloaded after import = 0
========================================================================
Received Prepare
Begin MonoManager ReloadAssembly
Symbol file LoadedFromMemory is not a mono symbol file
- Loaded All Assemblies, in  0.554 seconds
Refreshing native plugins compatible for Editor in 5.29 ms, found 3 plugins.
Native extension for WindowsStandalone target not found
Native extension for WebGL target not found
[Package Manager] Server::EnsureServerProcessIsRunning -- launch failed, reason: Unity was launched with the -noUpm command-line argument
[Package Manager] UpmClient::Send -- Unable to send message (not connected to UPM process).
[Package Manager] Cannot connect to Unity Package Manager local server
Mono: successfully reloaded assembly
- Finished resetting the current domain, in  1.695 seconds
Domain Reload Profiling: 2248ms
	BeginReloadAssembly (173ms)
		ExecutionOrderSort (0ms)
		DisableScriptedObjects (5ms)
		BackupInstance (0ms)
		ReleaseScriptingObjects (0ms)
		CreateAndSetChildDomain (55ms)
	RebuildCommonClasses (36ms)
	RebuildNativeTypeToScriptingClass (19ms)
	initialDomainReloadingComplete (34ms)
	LoadAllAssembliesAndSetupDomain (290ms)
		LoadAssemblies (344ms)
		RebuildTransferFunctionScriptingTraits (0ms)
		AnalyzeDomain (24ms)
			TypeCache.Refresh (8ms)
				TypeCache.ScanAssembly (0ms)
			ScanForSourceGeneratedMonoScriptInfo (0ms)
			ResolveRequiredComponents (14ms)
	FinalizeReload (1695ms)
		ReleaseScriptCaches (0ms)
		RebuildScriptCaches (0ms)
		SetupLoadedEditorAssemblies (978ms)
			LogAssemblyErrors (0ms)
			InitializePlatformSupportModulesInManaged (8ms)
			SetLoadedEditorAssemblies (6ms)
			RefreshPlugins (0ms)
			BeforeProcessingInitializeOnLoad (118ms)
			ProcessInitializeOnLoadAttributes (567ms)
			ProcessInitializeOnLoadMethodAttributes (276ms)
			AfterProcessingInitializeOnLoad (2ms)
			EditorAssembliesLoaded (1ms)
		ExecutionOrderSort2 (0ms)
		AwakeInstancesAfterBackupRestoration (13ms)
Refreshing native plugins compatible for Editor in 8.70 ms, found 3 plugins.
Preloading 0 native plugins for Editor in 0.00 ms.
Unloading 6983 Unused Serialized files (Serialized files now loaded: 0)
Unloading 78 unused Assets / (451.2 KB). Loaded Objects now: 7590.
Memory consumption went from 226.3 MB to 225.9 MB.
Total: 11.395100 ms (FindLiveObjects: 0.878600 ms CreateObjectMapping: 0.698900 ms MarkObjects: 9.393000 ms  DeleteObjects: 0.422900 ms)

Prepare: number of updated asset objects reloaded= 0
AssetImportParameters requested are different than current active one (requested -> active):
  custom:container-demuxer-ogg: 62fdf1f143b41e24485cea50d1cbac27 -> 
  custom:framework-win-MediaFoundation: 216162199b28c13a410421893ffa2e32 -> 
  custom:container-muxer-webm: aa71ff27fc2769a1b78a27578f13a17b -> 
  custom:video-decoder-webm-vp8: 9c59270c3fd7afecdb556c50c9e8de78 -> 
  custom:SearchIndexIgnoredProperties: e643bd26f0fe6173181afceb89e7c659 -> 
  custom:AudioImporter_EditorPlatform: d09bf68614088b80899f8185d706f6e7 -> 
  custom:audio-decoder-ogg-vorbis: bf7c407c2cedff20999df2af8eb42d56 -> 
  custom:audio-encoder-webm-vorbis: bf7c407c2cedff20999df2af8eb42d56 -> 
  custom:video-codec-MediaFoundation-h265: 746d11721c4dcdbdad8f713fa42b33f4 -> 
  custom:video-decoder-ogg-theora: a1e56fd34408186e4bbccfd4996cb3dc -> 
  custom:CustomObjectIndexerAttribute: a3ef5dd2817f97addfee359851a9dba5 -> 
  custom:container-demuxer-webm: 4f35f7cbe854078d1ac9338744f61a02 -> 
  custom:video-encoder-webm-vp8: eb34c28f22e8b96e1ab97ce403110664 -> 
========================================================================
Received Import Request.
  Time since last request: 23.334382 seconds.
  path: Assets/unity-chan!/Unity-chan! Model/Scenes
  artifactKey: Guid(f19d8ba5e85097445bfcd84b267e2cb0) Importer(815301076,1909f56bfc062723c751e8b465ee728b)
Start importing Assets/unity-chan!/Unity-chan! Model/Scenes using Guid(f19d8ba5e85097445bfcd84b267e2cb0) Importer(815301076,1909f56bfc062723c751e8b465ee728b)  -> (artifact id: 'a1312aa9d58e8059c0fc01ef61320287') in 0.003264 seconds
Number of updated asset objects reloaded before import = 0
Number of asset objects unloaded after import = 0
========================================================================
Received Import Request.
  Time since last request: 1.485119 seconds.
  path: Assets/unity-chan!/Unity-chan! Model/Scenes/ActionCheck.unity
  artifactKey: Guid(82af19ed76a8ed74fb1dd5d45c780da8) Importer(815301076,1909f56bfc062723c751e8b465ee728b)
Start importing Assets/unity-chan!/Unity-chan! Model/Scenes/ActionCheck.unity using Guid(82af19ed76a8ed74fb1dd5d45c780da8) Importer(815301076,1909f56bfc062723c751e8b465ee728b)  -> (artifact id: '49ecbdcdc9f288fcfccf0d60f6ef4f35') in 0.000764 seconds
Number of updated asset objects reloaded before import = 0
Number of asset objects unloaded after import = 0
========================================================================
Received Prepare
Begin MonoManager ReloadAssembly
Symbol file LoadedFromMemory is not a mono symbol file
- Loaded All Assemblies, in  0.564 seconds
Refreshing native plugins compatible for Editor in 4.69 ms, found 3 plugins.
Native extension for WindowsStandalone target not found
Native extension for WebGL target not found
[Package Manager] Server::EnsureServerProcessIsRunning -- launch failed, reason: Unity was launched with the -noUpm command-line argument
[Package Manager] UpmClient::Send -- Unable to send message (not connected to UPM process).
[Package Manager] Cannot connect to Unity Package Manager local server
Mono: successfully reloaded assembly
- Finished resetting the current domain, in  2.475 seconds
Domain Reload Profiling: 3039ms
	BeginReloadAssembly (176ms)
		ExecutionOrderSort (0ms)
		DisableScriptedObjects (6ms)
		BackupInstance (0ms)
		ReleaseScriptingObjects (0ms)
		CreateAndSetChildDomain (57ms)
	RebuildCommonClasses (28ms)
	RebuildNativeTypeToScriptingClass (11ms)
	initialDomainReloadingComplete (22ms)
	LoadAllAssembliesAndSetupDomain (326ms)
		LoadAssemblies (380ms)
		RebuildTransferFunctionScriptingTraits (0ms)
		AnalyzeDomain (22ms)
			TypeCache.Refresh (9ms)
				TypeCache.ScanAssembly (0ms)
			ScanForSourceGeneratedMonoScriptInfo (0ms)
			ResolveRequiredComponents (11ms)
	FinalizeReload (2476ms)
		ReleaseScriptCaches (0ms)
		RebuildScriptCaches (0ms)
		SetupLoadedEditorAssemblies (993ms)
			LogAssemblyErrors (0ms)
			InitializePlatformSupportModulesInManaged (7ms)
			SetLoadedEditorAssemblies (7ms)
			RefreshPlugins (0ms)
			BeforeProcessingInitializeOnLoad (121ms)
			ProcessInitializeOnLoadAttributes (578ms)
			ProcessInitializeOnLoadMethodAttributes (277ms)
			AfterProcessingInitializeOnLoad (2ms)
			EditorAssembliesLoaded (0ms)
		ExecutionOrderSort2 (0ms)
		AwakeInstancesAfterBackupRestoration (13ms)
Refreshing native plugins compatible for Editor in 11.91 ms, found 3 plugins.
Preloading 0 native plugins for Editor in 0.00 ms.
Unloading 6983 Unused Serialized files (Serialized files now loaded: 0)
Unloading 78 unused Assets / (451.1 KB). Loaded Objects now: 7606.
Memory consumption went from 226.4 MB to 225.9 MB.
Total: 12.717400 ms (FindLiveObjects: 0.889200 ms CreateObjectMapping: 0.656900 ms MarkObjects: 10.622900 ms  DeleteObjects: 0.545400 ms)

Prepare: number of updated asset objects reloaded= 0
AssetImportParameters requested are different than current active one (requested -> active):
  custom:container-demuxer-ogg: 62fdf1f143b41e24485cea50d1cbac27 -> 
  custom:framework-win-MediaFoundation: 216162199b28c13a410421893ffa2e32 -> 
  custom:container-muxer-webm: aa71ff27fc2769a1b78a27578f13a17b -> 
  custom:video-decoder-webm-vp8: 9c59270c3fd7afecdb556c50c9e8de78 -> 
  custom:SearchIndexIgnoredProperties: e643bd26f0fe6173181afceb89e7c659 -> 
  custom:AudioImporter_EditorPlatform: d09bf68614088b80899f8185d706f6e7 -> 
  custom:audio-decoder-ogg-vorbis: bf7c407c2cedff20999df2af8eb42d56 -> 
  custom:audio-encoder-webm-vorbis: bf7c407c2cedff20999df2af8eb42d56 -> 
  custom:video-codec-MediaFoundation-h265: 746d11721c4dcdbdad8f713fa42b33f4 -> 
  custom:video-decoder-ogg-theora: a1e56fd34408186e4bbccfd4996cb3dc -> 
  custom:CustomObjectIndexerAttribute: a3ef5dd2817f97addfee359851a9dba5 -> 
  custom:container-demuxer-webm: 4f35f7cbe854078d1ac9338744f61a02 -> 
  custom:video-encoder-webm-vp8: eb34c28f22e8b96e1ab97ce403110664 -> 
========================================================================
Received Import Request.
  Time since last request: 12.165133 seconds.
  path: Assets/unity-chan!/Unity-chan! Model/Scenes/ARPoseTest.unity
  artifactKey: Guid(dc19d125674d55e4395fbb75f6d6f855) Importer(815301076,1909f56bfc062723c751e8b465ee728b)
Start importing Assets/unity-chan!/Unity-chan! Model/Scenes/ARPoseTest.unity using Guid(dc19d125674d55e4395fbb75f6d6f855) Importer(815301076,1909f56bfc062723c751e8b465ee728b)  -> (artifact id: '9c568abc01d5e532c047ff25e4612723') in 0.002674 seconds
Number of updated asset objects reloaded before import = 0
Number of asset objects unloaded after import = 0
========================================================================
Received Prepare
Begin MonoManager ReloadAssembly
Symbol file LoadedFromMemory is not a mono symbol file
- Loaded All Assemblies, in  0.540 seconds
Refreshing native plugins compatible for Editor in 5.38 ms, found 3 plugins.
Native extension for WindowsStandalone target not found
Native extension for WebGL target not found
[Package Manager] Server::EnsureServerProcessIsRunning -- launch failed, reason: Unity was launched with the -noUpm command-line argument
[Package Manager] UpmClient::Send -- Unable to send message (not connected to UPM process).
[Package Manager] Cannot connect to Unity Package Manager local server
Mono: successfully reloaded assembly
- Finished resetting the current domain, in  1.780 seconds
Domain Reload Profiling: 2319ms
	BeginReloadAssembly (170ms)
		ExecutionOrderSort (0ms)
		DisableScriptedObjects (5ms)
		BackupInstance (0ms)
		ReleaseScriptingObjects (0ms)
		CreateAndSetChildDomain (54ms)
	RebuildCommonClasses (29ms)
	RebuildNativeTypeToScriptingClass (13ms)
	initialDomainReloadingComplete (28ms)
	LoadAllAssembliesAndSetupDomain (298ms)
		LoadAssemblies (347ms)
		RebuildTransferFunctionScriptingTraits (0ms)
		AnalyzeDomain (29ms)
			TypeCache.Refresh (11ms)
				TypeCache.ScanAssembly (0ms)
			ScanForSourceGeneratedMonoScriptInfo (0ms)
			ResolveRequiredComponents (16ms)
	FinalizeReload (1780ms)
		ReleaseScriptCaches (0ms)
		RebuildScriptCaches (0ms)
		SetupLoadedEditorAssemblies (1077ms)
			LogAssemblyErrors (0ms)
			InitializePlatformSupportModulesInManaged (8ms)
			SetLoadedEditorAssemblies (6ms)
			RefreshPlugins (0ms)
			BeforeProcessingInitializeOnLoad (128ms)
			ProcessInitializeOnLoadAttributes (637ms)
			ProcessInitializeOnLoadMethodAttributes (294ms)
			AfterProcessingInitializeOnLoad (3ms)
			EditorAssembliesLoaded (1ms)
		ExecutionOrderSort2 (0ms)
		AwakeInstancesAfterBackupRestoration (12ms)
Refreshing native plugins compatible for Editor in 9.61 ms, found 3 plugins.
Preloading 0 native plugins for Editor in 0.00 ms.
Unloading 6983 Unused Serialized files (Serialized files now loaded: 0)
Unloading 78 unused Assets / (459.1 KB). Loaded Objects now: 7622.
Memory consumption went from 226.4 MB to 225.9 MB.
Total: 12.001700 ms (FindLiveObjects: 1.206700 ms CreateObjectMapping: 1.289000 ms MarkObjects: 9.099100 ms  DeleteObjects: 0.405000 ms)

Prepare: number of updated asset objects reloaded= 0
AssetImportParameters requested are different than current active one (requested -> active):
  custom:container-demuxer-ogg: 62fdf1f143b41e24485cea50d1cbac27 -> 
  custom:framework-win-MediaFoundation: 216162199b28c13a410421893ffa2e32 -> 
  custom:container-muxer-webm: aa71ff27fc2769a1b78a27578f13a17b -> 
  custom:video-decoder-webm-vp8: 9c59270c3fd7afecdb556c50c9e8de78 -> 
  custom:SearchIndexIgnoredProperties: e643bd26f0fe6173181afceb89e7c659 -> 
  custom:AudioImporter_EditorPlatform: d09bf68614088b80899f8185d706f6e7 -> 
  custom:audio-decoder-ogg-vorbis: bf7c407c2cedff20999df2af8eb42d56 -> 
  custom:audio-encoder-webm-vorbis: bf7c407c2cedff20999df2af8eb42d56 -> 
  custom:video-codec-MediaFoundation-h265: 746d11721c4dcdbdad8f713fa42b33f4 -> 
  custom:video-decoder-ogg-theora: a1e56fd34408186e4bbccfd4996cb3dc -> 
  custom:CustomObjectIndexerAttribute: a3ef5dd2817f97addfee359851a9dba5 -> 
  custom:container-demuxer-webm: 4f35f7cbe854078d1ac9338744f61a02 -> 
  custom:video-encoder-webm-vp8: eb34c28f22e8b96e1ab97ce403110664 -> 
========================================================================
Received Import Request.
  Time since last request: 8.955590 seconds.
  path: Assets/unity-chan!/Unity-chan! Model/Scenes/Locomotion.unity
  artifactKey: Guid(957eefe92df624143ad9333b8bc01eb8) Importer(815301076,1909f56bfc062723c751e8b465ee728b)
Start importing Assets/unity-chan!/Unity-chan! Model/Scenes/Locomotion.unity using Guid(957eefe92df624143ad9333b8bc01eb8) Importer(815301076,1909f56bfc062723c751e8b465ee728b)  -> (artifact id: '99f42d9431217f9613eb3fc0a519a09a') in 0.003186 seconds
Number of updated asset objects reloaded before import = 0
Number of asset objects unloaded after import = 0
========================================================================
Received Prepare
Begin MonoManager ReloadAssembly
Symbol file LoadedFromMemory is not a mono symbol file
- Loaded All Assemblies, in  0.505 seconds
Refreshing native plugins compatible for Editor in 7.56 ms, found 3 plugins.
Native extension for WindowsStandalone target not found
Native extension for WebGL target not found
[Package Manager] Server::EnsureServerProcessIsRunning -- launch failed, reason: Unity was launched with the -noUpm command-line argument
[Package Manager] UpmClient::Send -- Unable to send message (not connected to UPM process).
[Package Manager] Cannot connect to Unity Package Manager local server
Mono: successfully reloaded assembly
- Finished resetting the current domain, in  2.261 seconds
Domain Reload Profiling: 2766ms
	BeginReloadAssembly (166ms)
		ExecutionOrderSort (0ms)
		DisableScriptedObjects (5ms)
		BackupInstance (0ms)
		ReleaseScriptingObjects (0ms)
		CreateAndSetChildDomain (51ms)
	RebuildCommonClasses (29ms)
	RebuildNativeTypeToScriptingClass (10ms)
	initialDomainReloadingComplete (22ms)
	LoadAllAssembliesAndSetupDomain (276ms)
		LoadAssemblies (328ms)
		RebuildTransferFunctionScriptingTraits (0ms)
		AnalyzeDomain (24ms)
			TypeCache.Refresh (10ms)
				TypeCache.ScanAssembly (0ms)
			ScanForSourceGeneratedMonoScriptInfo (0ms)
			ResolveRequiredComponents (12ms)
	FinalizeReload (2262ms)
		ReleaseScriptCaches (0ms)
		RebuildScriptCaches (0ms)
		SetupLoadedEditorAssemblies (1403ms)
			LogAssemblyErrors (0ms)
			InitializePlatformSupportModulesInManaged (8ms)
			SetLoadedEditorAssemblies (7ms)
			RefreshPlugins (0ms)
			BeforeProcessingInitializeOnLoad (148ms)
			ProcessInitializeOnLoadAttributes (896ms)
			ProcessInitializeOnLoadMethodAttributes (341ms)
			AfterProcessingInitializeOnLoad (3ms)
			EditorAssembliesLoaded (1ms)
		ExecutionOrderSort2 (0ms)
		AwakeInstancesAfterBackupRestoration (16ms)
Refreshing native plugins compatible for Editor in 10.46 ms, found 3 plugins.
Preloading 0 native plugins for Editor in 0.00 ms.
Unloading 6983 Unused Serialized files (Serialized files now loaded: 0)
Unloading 78 unused Assets / (475.3 KB). Loaded Objects now: 7638.
Memory consumption went from 226.4 MB to 225.9 MB.
Total: 14.277100 ms (FindLiveObjects: 0.916000 ms CreateObjectMapping: 0.863500 ms MarkObjects: 11.997200 ms  DeleteObjects: 0.496900 ms)

Prepare: number of updated asset objects reloaded= 0
AssetImportParameters requested are different than current active one (requested -> active):
  custom:container-demuxer-ogg: 62fdf1f143b41e24485cea50d1cbac27 -> 
  custom:framework-win-MediaFoundation: 216162199b28c13a410421893ffa2e32 -> 
  custom:container-muxer-webm: aa71ff27fc2769a1b78a27578f13a17b -> 
  custom:video-decoder-webm-vp8: 9c59270c3fd7afecdb556c50c9e8de78 -> 
  custom:SearchIndexIgnoredProperties: e643bd26f0fe6173181afceb89e7c659 -> 
  custom:AudioImporter_EditorPlatform: d09bf68614088b80899f8185d706f6e7 -> 
  custom:audio-decoder-ogg-vorbis: bf7c407c2cedff20999df2af8eb42d56 -> 
  custom:audio-encoder-webm-vorbis: bf7c407c2cedff20999df2af8eb42d56 -> 
  custom:video-codec-MediaFoundation-h265: 746d11721c4dcdbdad8f713fa42b33f4 -> 
  custom:video-decoder-ogg-theora: a1e56fd34408186e4bbccfd4996cb3dc -> 
  custom:CustomObjectIndexerAttribute: a3ef5dd2817f97addfee359851a9dba5 -> 
  custom:container-demuxer-webm: 4f35f7cbe854078d1ac9338744f61a02 -> 
  custom:video-encoder-webm-vp8: eb34c28f22e8b96e1ab97ce403110664 -> 
========================================================================
Received Import Request.
  Time since last request: 23.304132 seconds.
  path: Assets/unity-chan!/Unity-chan! Model/Scenes/SecondaryAnimation.unity
  artifactKey: Guid(303d6058a98f643abb202d652ad2be31) Importer(815301076,1909f56bfc062723c751e8b465ee728b)
Start importing Assets/unity-chan!/Unity-chan! Model/Scenes/SecondaryAnimation.unity using Guid(303d6058a98f643abb202d652ad2be31) Importer(815301076,1909f56bfc062723c751e8b465ee728b)  -> (artifact id: '2f041632d8270e19ceb65fede34893df') in 0.002938 seconds
Number of updated asset objects reloaded before import = 0
Number of asset objects unloaded after import = 0
========================================================================
Received Import Request.
  Time since last request: 9.481217 seconds.
  path: Assets/Scenes
  artifactKey: Guid(13861d68d4d024344811623407e973bc) Importer(815301076,1909f56bfc062723c751e8b465ee728b)
Start importing Assets/Scenes using Guid(13861d68d4d024344811623407e973bc) Importer(815301076,1909f56bfc062723c751e8b465ee728b)  -> (artifact id: '8d7e6c88f8ccd23eed45ab7e22335b09') in 0.001183 seconds
Number of updated asset objects reloaded before import = 0
Number of asset objects unloaded after import = 0
========================================================================
Received Import Request.
  Time since last request: 3.505287 seconds.
  path: Assets/Scenes/SampleScene.unity
  artifactKey: Guid(9fc0d4010bbf28b4594072e72b8655ab) Importer(815301076,1909f56bfc062723c751e8b465ee728b)
Start importing Assets/Scenes/SampleScene.unity using Guid(9fc0d4010bbf28b4594072e72b8655ab) Importer(815301076,1909f56bfc062723c751e8b465ee728b)  -> (artifact id: '7220eeb9905d5a77e83546c164b6b8de') in 0.000619 seconds
Number of updated asset objects reloaded before import = 0
Number of asset objects unloaded after import = 0
========================================================================
Received Import Request.
  Time since last request: 22.866121 seconds.
  path: Assets/AcquireChan/Prefabs/AcquireChan_Control.prefab
  artifactKey: Guid(1dcce3f16060e724aa17739ed7894afe) Importer(815301076,1909f56bfc062723c751e8b465ee728b)
Start importing Assets/AcquireChan/Prefabs/AcquireChan_Control.prefab using Guid(1dcce3f16060e724aa17739ed7894afe) Importer(815301076,1909f56bfc062723c751e8b465ee728b)  -> (artifact id: 'badbe49d4a6d7f557214c3505b5ba1c6') in 0.432381 seconds
Number of updated asset objects reloaded before import = 0
Number of asset objects unloaded after import = 166
========================================================================
Received Import Request.
  Time since last request: 5.955754 seconds.
  path: Assets/AcquireChan/Motions
  artifactKey: Guid(41b9165dec7c6f144b759c1cda924e9c) Importer(815301076,1909f56bfc062723c751e8b465ee728b)
Start importing Assets/AcquireChan/Motions using Guid(41b9165dec7c6f144b759c1cda924e9c) Importer(815301076,1909f56bfc062723c751e8b465ee728b)  -> (artifact id: 'e9c7ec887cb8bb8ed145a15956e120cf') in 0.002399 seconds
Number of updated asset objects reloaded before import = 0
Number of asset objects unloaded after import = 0
========================================================================
Received Import Request.
  Time since last request: 0.034904 seconds.
  path: Assets/AcquireChan/Motions/mid_acq_twn_angry.fbx
  artifactKey: Guid(34d1709b40242874a838306172b84d6b) Importer(815301076,1909f56bfc062723c751e8b465ee728b)
Start importing Assets/AcquireChan/Motions/mid_acq_twn_angry.fbx using Guid(34d1709b40242874a838306172b84d6b) Importer(815301076,1909f56bfc062723c751e8b465ee728b)  -> (artifact id: '018d3e47e12b780b68796beff9a3b9e5') in 0.016075 seconds
Number of updated asset objects reloaded before import = 0
Number of asset objects unloaded after import = 63
========================================================================
Received Import Request.
  Time since last request: 0.000068 seconds.
  path: Assets/AcquireChan/Motions/mid_acq_twn_jmp_a.fbx
  artifactKey: Guid(e9b767d272728a74893d08b0552ba3a6) Importer(815301076,1909f56bfc062723c751e8b465ee728b)
Start importing Assets/AcquireChan/Motions/mid_acq_twn_jmp_a.fbx using Guid(e9b767d272728a74893d08b0552ba3a6) Importer(815301076,1909f56bfc062723c751e8b465ee728b)  -> (artifact id: '2088c4364e844503f88ea9177bfc1456') in 0.012548 seconds
Number of updated asset objects reloaded before import = 0
Number of asset objects unloaded after import = 63
========================================================================
Received Import Request.
  Time since last request: 0.000032 seconds.
  path: Assets/AcquireChan/Motions/mid_acq_twn_jmp_b.fbx
  artifactKey: Guid(a7a299a797e71b2409528afe382ee659) Importer(815301076,1909f56bfc062723c751e8b465ee728b)
Start importing Assets/AcquireChan/Motions/mid_acq_twn_jmp_b.fbx using Guid(a7a299a797e71b2409528afe382ee659) Importer(815301076,1909f56bfc062723c751e8b465ee728b)  -> (artifact id: 'a1a83937218605a7d8118d609bd997f8') in 0.011334 seconds
Number of updated asset objects reloaded before import = 0
Number of asset objects unloaded after import = 63
========================================================================
Received Import Request.
  Time since last request: 0.000029 seconds.
  path: Assets/AcquireChan/Motions/mid_acq_twn_happy.fbx
  artifactKey: Guid(fead3e4527c59fd44895766d37c08ef7) Importer(815301076,1909f56bfc062723c751e8b465ee728b)
Start importing Assets/AcquireChan/Motions/mid_acq_twn_happy.fbx using Guid(fead3e4527c59fd44895766d37c08ef7) Importer(815301076,1909f56bfc062723c751e8b465ee728b)  -> (artifact id: '55cb347fa24587753b93e68a3c503183') in 0.010851 seconds
Number of updated asset objects reloaded before import = 0
Number of asset objects unloaded after import = 63
========================================================================
Received Import Request.
  Time since last request: 0.000036 seconds.
  path: Assets/AcquireChan/Motions/mid_acq_twn_jmp_e.fbx
  artifactKey: Guid(04f3b72c06331514c8a1160c0d147f63) Importer(815301076,1909f56bfc062723c751e8b465ee728b)
Start importing Assets/AcquireChan/Motions/mid_acq_twn_jmp_e.fbx using Guid(04f3b72c06331514c8a1160c0d147f63) Importer(815301076,1909f56bfc062723c751e8b465ee728b)  -> (artifact id: 'c05849ff6e9436d161781b38b3721f06') in 0.012830 seconds
Number of updated asset objects reloaded before import = 0
Number of asset objects unloaded after import = 63
========================================================================
Received Import Request.
  Time since last request: 0.000024 seconds.
  path: Assets/AcquireChan/Motions/mid_acq_twn_idl_02.fbx
  artifactKey: Guid(041f37eab44462c448077845a596ea8a) Importer(815301076,1909f56bfc062723c751e8b465ee728b)
Start importing Assets/AcquireChan/Motions/mid_acq_twn_idl_02.fbx using Guid(041f37eab44462c448077845a596ea8a) Importer(815301076,1909f56bfc062723c751e8b465ee728b)  -> (artifact id: '2eeda5acf9f608a604f93ad65643e2c3') in 0.007957 seconds
Number of updated asset objects reloaded before import = 0
Number of asset objects unloaded after import = 63
========================================================================
Received Import Request.
  Time since last request: 4.714018 seconds.
  path: Assets/AcquireChan/Models/Textures/chrtx_com_skin_cl_01.tga
  artifactKey: Guid(a5d624a7679efee45a571d3bc52907b1) Importer(815301076,1909f56bfc062723c751e8b465ee728b)
Start importing Assets/AcquireChan/Models/Textures/chrtx_com_skin_cl_01.tga using Guid(a5d624a7679efee45a571d3bc52907b1) Importer(815301076,1909f56bfc062723c751e8b465ee728b)  -> (artifact id: 'a2d987d6c74fef501fabd8524a4e8880') in 0.044857 seconds
Number of updated asset objects reloaded before import = 0
Number of asset objects unloaded after import = 2
========================================================================
Received Import Request.
  Time since last request: 0.000062 seconds.
  path: Assets/AcquireChan/Models/Textures/chrtx_com_skin_fo_01.tga
  artifactKey: Guid(52c689b52519fe14686eb34f5ec25329) Importer(815301076,1909f56bfc062723c751e8b465ee728b)
Start importing Assets/AcquireChan/Models/Textures/chrtx_com_skin_fo_01.tga using Guid(52c689b52519fe14686eb34f5ec25329) Importer(815301076,1909f56bfc062723c751e8b465ee728b)  -> (artifact id: '4a8026074efe206482e29e6ba4dfea51') in 0.021607 seconds
Number of updated asset objects reloaded before import = 0
Number of asset objects unloaded after import = 2
========================================================================
Received Import Request.
  Time since last request: 0.000048 seconds.
  path: Assets/AcquireChan/Models/Textures/chrtx_com_skin_rm_01.tga
  artifactKey: Guid(d47ce47013388ee4fbe4e676b7483fbf) Importer(815301076,1909f56bfc062723c751e8b465ee728b)
Start importing Assets/AcquireChan/Models/Textures/chrtx_com_skin_rm_01.tga using Guid(d47ce47013388ee4fbe4e676b7483fbf) Importer(815301076,1909f56bfc062723c751e8b465ee728b)  -> (artifact id: 'aa554622d7586ae90d58d4cc8bef11e9') in 0.021652 seconds
Number of updated asset objects reloaded before import = 0
Number of asset objects unloaded after import = 2
========================================================================
Received Import Request.
  Time since last request: 25.979816 seconds.
  path: Assets/AcquireChan/Models/Textures/chrtx_f_acquire_hair_cl_01.tga
  artifactKey: Guid(903bd8015ca717f4d838384fc2d92ad4) Importer(815301076,1909f56bfc062723c751e8b465ee728b)
Start importing Assets/AcquireChan/Models/Textures/chrtx_f_acquire_hair_cl_01.tga using Guid(903bd8015ca717f4d838384fc2d92ad4) Importer(815301076,1909f56bfc062723c751e8b465ee728b)  -> (artifact id: '27c775fe03a57e11eef77d3f56f321fa') in 0.026796 seconds
Number of updated asset objects reloaded before import = 0
Number of asset objects unloaded after import = 2
========================================================================
Received Prepare
Begin MonoManager ReloadAssembly
Symbol file LoadedFromMemory is not a mono symbol file
- Loaded All Assemblies, in  3.723 seconds
Refreshing native plugins compatible for Editor in 15.37 ms, found 3 plugins.
Native extension for WindowsStandalone target not found
Native extension for WebGL target not found
[Package Manager] Server::EnsureServerProcessIsRunning -- launch failed, reason: Unity was launched with the -noUpm command-line argument
[Package Manager] UpmClient::Send -- Unable to send message (not connected to UPM process).
[Package Manager] Cannot connect to Unity Package Manager local server
Mono: successfully reloaded assembly
- Finished resetting the current domain, in  5.844 seconds
Domain Reload Profiling: 9585ms
	BeginReloadAssembly (864ms)
		ExecutionOrderSort (0ms)
		DisableScriptedObjects (89ms)
		BackupInstance (0ms)
		ReleaseScriptingObjects (1ms)
		CreateAndSetChildDomain (364ms)
	RebuildCommonClasses (61ms)
	RebuildNativeTypeToScriptingClass (14ms)
	initialDomainReloadingComplete (52ms)
	LoadAllAssembliesAndSetupDomain (2751ms)
		LoadAssemblies (2937ms)
		RebuildTransferFunctionScriptingTraits (0ms)
		AnalyzeDomain (54ms)
			TypeCache.Refresh (24ms)
				TypeCache.ScanAssembly (0ms)
			ScanForSourceGeneratedMonoScriptInfo (1ms)
			ResolveRequiredComponents (27ms)
	FinalizeReload (5845ms)
		ReleaseScriptCaches (0ms)
		RebuildScriptCaches (0ms)
		SetupLoadedEditorAssemblies (1403ms)
			LogAssemblyErrors (0ms)
			InitializePlatformSupportModulesInManaged (71ms)
			SetLoadedEditorAssemblies (51ms)
			RefreshPlugins (0ms)
			BeforeProcessingInitializeOnLoad (174ms)
			ProcessInitializeOnLoadAttributes (763ms)
			ProcessInitializeOnLoadMethodAttributes (339ms)
			AfterProcessingInitializeOnLoad (2ms)
			EditorAssembliesLoaded (2ms)
		ExecutionOrderSort2 (0ms)
		AwakeInstancesAfterBackupRestoration (14ms)
Refreshing native plugins compatible for Editor in 19.09 ms, found 3 plugins.
Preloading 0 native plugins for Editor in 0.00 ms.
Unloading 6983 Unused Serialized files (Serialized files now loaded: 0)
Unloading 78 unused Assets / (475.4 KB). Loaded Objects now: 7702.
Memory consumption went from 231.2 MB to 230.8 MB.
Total: 24.765500 ms (FindLiveObjects: 3.759000 ms CreateObjectMapping: 0.862300 ms MarkObjects: 19.173300 ms  DeleteObjects: 0.965800 ms)

Prepare: number of updated asset objects reloaded= 0
AssetImportParameters requested are different than current active one (requested -> active):
  custom:container-demuxer-ogg: 62fdf1f143b41e24485cea50d1cbac27 -> 
  custom:framework-win-MediaFoundation: 216162199b28c13a410421893ffa2e32 -> 
  custom:container-muxer-webm: aa71ff27fc2769a1b78a27578f13a17b -> 
  custom:video-decoder-webm-vp8: 9c59270c3fd7afecdb556c50c9e8de78 -> 
  custom:SearchIndexIgnoredProperties: e643bd26f0fe6173181afceb89e7c659 -> 
  custom:AudioImporter_EditorPlatform: d09bf68614088b80899f8185d706f6e7 -> 
  custom:audio-decoder-ogg-vorbis: bf7c407c2cedff20999df2af8eb42d56 -> 
  custom:audio-encoder-webm-vorbis: bf7c407c2cedff20999df2af8eb42d56 -> 
  custom:video-codec-MediaFoundation-h265: 746d11721c4dcdbdad8f713fa42b33f4 -> 
  custom:video-decoder-ogg-theora: a1e56fd34408186e4bbccfd4996cb3dc -> 
  custom:CustomObjectIndexerAttribute: a3ef5dd2817f97addfee359851a9dba5 -> 
  custom:container-demuxer-webm: 4f35f7cbe854078d1ac9338744f61a02 -> 
  custom:video-encoder-webm-vp8: eb34c28f22e8b96e1ab97ce403110664 -> 
========================================================================
Received Import Request.
  Time since last request: 1542.339755 seconds.
  path: Assets/AcquireChan/Models/Materials/chrmt_f_acquire_hair_01.mat
  artifactKey: Guid(a66c7d0527b036a409d275859476c395) Importer(815301076,1909f56bfc062723c751e8b465ee728b)
Start importing Assets/AcquireChan/Models/Materials/chrmt_f_acquire_hair_01.mat using Guid(a66c7d0527b036a409d275859476c395) Importer(815301076,1909f56bfc062723c751e8b465ee728b)  -> (artifact id: 'b5442094f55c8313dfc5ffd692d57630') in 0.437242 seconds
Number of updated asset objects reloaded before import = 0
Number of asset objects unloaded after import = 23
========================================================================
Received Import Request.
  Time since last request: 184.406518 seconds.
  path: Assets/AcquireChan/Models/AcquireChan.fbx
  artifactKey: Guid(50a0208afad970f42b91e82ff62fab00) Importer(815301076,1909f56bfc062723c751e8b465ee728b)
Start importing Assets/AcquireChan/Models/AcquireChan.fbx using Guid(50a0208afad970f42b91e82ff62fab00) Importer(815301076,1909f56bfc062723c751e8b465ee728b)  -> (artifact id: '6c385c8dc225718a3808f213617eff30') in 0.593897 seconds
Number of updated asset objects reloaded before import = 0
Number of asset objects unloaded after import = 115
========================================================================
Received Import Request.
  Time since last request: 0.541265 seconds.
  path: Assets/unity-chan!/Unity-chan! Model/Art/Animations/unitychan_UMATOBI00.fbx
  artifactKey: Guid(8bf916c92a6742d4ea62fd210c3fd0e6) Importer(815301076,1909f56bfc062723c751e8b465ee728b)
Start importing Assets/unity-chan!/Unity-chan! Model/Art/Animations/unitychan_UMATOBI00.fbx using Guid(8bf916c92a6742d4ea62fd210c3fd0e6) Importer(815301076,1909f56bfc062723c751e8b465ee728b)  -> (artifact id: 'cbdc3f29db5c517a6075301e885a78b2') in 0.201497 seconds
Number of updated asset objects reloaded before import = 0
Number of asset objects unloaded after import = 326
========================================================================
Received Import Request.
  Time since last request: 0.000033 seconds.
  path: Assets/unity-chan!/Unity-chan! Model/Art/Animations/unitychan_WALK00_B.fbx
  artifactKey: Guid(20fd7934e77f68e4983c9c0fe97c7117) Importer(815301076,1909f56bfc062723c751e8b465ee728b)
Start importing Assets/unity-chan!/Unity-chan! Model/Art/Animations/unitychan_WALK00_B.fbx using Guid(20fd7934e77f68e4983c9c0fe97c7117) Importer(815301076,1909f56bfc062723c751e8b465ee728b)  -> (artifact id: '506e2ab62e893f382617c288fc80db01') in 0.137896 seconds
Number of updated asset objects reloaded before import = 0
Number of asset objects unloaded after import = 326
========================================================================
Received Import Request.
  Time since last request: 0.000038 seconds.
  path: Assets/unity-chan!/Unity-chan! Model/Art/Animations/unitychan_WALK00_R.fbx
  artifactKey: Guid(dbc663f7e83140241a679da3ca9063b7) Importer(815301076,1909f56bfc062723c751e8b465ee728b)
Start importing Assets/unity-chan!/Unity-chan! Model/Art/Animations/unitychan_WALK00_R.fbx using Guid(dbc663f7e83140241a679da3ca9063b7) Importer(815301076,1909f56bfc062723c751e8b465ee728b)  -> (artifact id: '2880a1d49e719f31adaddd384778b475') in 0.120841 seconds
Number of updated asset objects reloaded before import = 0
Number of asset objects unloaded after import = 326
========================================================================
Received Import Request.
  Time since last request: 0.000320 seconds.
  path: Assets/unity-chan!/Unity-chan! Model/Art/Animations/unitychan_WALK00_L.fbx
  artifactKey: Guid(564ea08c07b9a764d8be6f0bbdddfc1c) Importer(815301076,1909f56bfc062723c751e8b465ee728b)
Start importing Assets/unity-chan!/Unity-chan! Model/Art/Animations/unitychan_WALK00_L.fbx using Guid(564ea08c07b9a764d8be6f0bbdddfc1c) Importer(815301076,1909f56bfc062723c751e8b465ee728b)  -> (artifact id: '82fdadc64f5df2e4cf022e7d2d1b6be5') in 0.118334 seconds
Number of updated asset objects reloaded before import = 0
Number of asset objects unloaded after import = 326
========================================================================
Received Import Request.
  Time since last request: 0.000033 seconds.
  path: Assets/unity-chan!/Unity-chan! Model/Art/Animations/unitychan_WIN00.fbx
  artifactKey: Guid(e2538d48c03da46a8b0c3b59d39a4cab) Importer(815301076,1909f56bfc062723c751e8b465ee728b)
Start importing Assets/unity-chan!/Unity-chan! Model/Art/Animations/unitychan_WIN00.fbx using Guid(e2538d48c03da46a8b0c3b59d39a4cab) Importer(815301076,1909f56bfc062723c751e8b465ee728b)  -> (artifact id: '38d209237449c7e48c33fc8a68e936f5') in 0.154636 seconds
Number of updated asset objects reloaded before import = 0
Number of asset objects unloaded after import = 326
========================================================================
Received Import Request.
  Time since last request: 0.000043 seconds.
  path: Assets/unity-chan!/Unity-chan! Model/Art/Models/unitychan.fbx
  artifactKey: Guid(8f0565f23a2b58541a475bd3c1393052) Importer(815301076,1909f56bfc062723c751e8b465ee728b)
Start importing Assets/unity-chan!/Unity-chan! Model/Art/Models/unitychan.fbx using Guid(8f0565f23a2b58541a475bd3c1393052) Importer(815301076,1909f56bfc062723c751e8b465ee728b)  -> (artifact id: 'bcade27f9382d5cbb897b1070aef5537') in 0.940148 seconds
Number of updated asset objects reloaded before import = 0
Number of asset objects unloaded after import = 412
========================================================================
Received Import Request.
  Time since last request: 0.000038 seconds.
  path: Assets/unity-chan!/Unity-chan! Model/Art/Animations/unitychan_WAIT03.fbx
  artifactKey: Guid(f98ead48d3193eb43a7839c6847a5b13) Importer(815301076,1909f56bfc062723c751e8b465ee728b)
Start importing Assets/unity-chan!/Unity-chan! Model/Art/Animations/unitychan_WAIT03.fbx using Guid(f98ead48d3193eb43a7839c6847a5b13) Importer(815301076,1909f56bfc062723c751e8b465ee728b)  -> (artifact id: '4acd176247bdba475f3f666ce5d857b7') in 0.121043 seconds
Number of updated asset objects reloaded before import = 0
Number of asset objects unloaded after import = 326
========================================================================
Received Import Request.
  Time since last request: 0.000063 seconds.
  path: Assets/unity-chan!/Unity-chan! Model/Art/Animations/unitychan_WAIT04.fbx
  artifactKey: Guid(685e1a7587d604fd8a8a0a56834063bb) Importer(815301076,1909f56bfc062723c751e8b465ee728b)
Start importing Assets/unity-chan!/Unity-chan! Model/Art/Animations/unitychan_WAIT04.fbx using Guid(685e1a7587d604fd8a8a0a56834063bb) Importer(815301076,1909f56bfc062723c751e8b465ee728b)  -> (artifact id: '2814c5c882a74d850b8232761d443b41') in 0.112468 seconds
Number of updated asset objects reloaded before import = 0
Number of asset objects unloaded after import = 326
========================================================================
Received Import Request.
  Time since last request: 0.000027 seconds.
  path: Assets/unity-chan!/Unity-chan! Model/Art/Animations/unitychan_WAIT01.fbx
  artifactKey: Guid(1e79f5e733df84044a45d6ab05035627) Importer(815301076,1909f56bfc062723c751e8b465ee728b)
Start importing Assets/unity-chan!/Unity-chan! Model/Art/Animations/unitychan_WAIT01.fbx using Guid(1e79f5e733df84044a45d6ab05035627) Importer(815301076,1909f56bfc062723c751e8b465ee728b)  -> (artifact id: '990184eb10cb4800e6b8f252b808178e') in 0.143437 seconds
Number of updated asset objects reloaded before import = 0
Number of asset objects unloaded after import = 326
========================================================================
Received Import Request.
  Time since last request: 0.000040 seconds.
  path: Assets/unity-chan!/Unity-chan! Model/Art/Animations/unitychan_WALK00_F.fbx
  artifactKey: Guid(e52be2fa48716194ea1d9d76686005f8) Importer(815301076,1909f56bfc062723c751e8b465ee728b)
Start importing Assets/unity-chan!/Unity-chan! Model/Art/Animations/unitychan_WALK00_F.fbx using Guid(e52be2fa48716194ea1d9d76686005f8) Importer(815301076,1909f56bfc062723c751e8b465ee728b)  -> (artifact id: 'fb37c44ac34de6fdc14127e1eeda659f') in 0.106244 seconds
Number of updated asset objects reloaded before import = 0
Number of asset objects unloaded after import = 326
========================================================================
Received Import Request.
  Time since last request: 0.000061 seconds.
  path: Assets/unity-chan!/Unity-chan! Model/Art/Animations/unitychan_WAIT02.fbx
  artifactKey: Guid(e54e2e1fa0a994b389fe0654511fac47) Importer(815301076,1909f56bfc062723c751e8b465ee728b)
Start importing Assets/unity-chan!/Unity-chan! Model/Art/Animations/unitychan_WAIT02.fbx using Guid(e54e2e1fa0a994b389fe0654511fac47) Importer(815301076,1909f56bfc062723c751e8b465ee728b)  -> (artifact id: 'fd3a7f746a200c289304d1145f8152e5') in 0.222570 seconds
Number of updated asset objects reloaded before import = 0
Number of asset objects unloaded after import = 326
========================================================================
Received Prepare
Begin MonoManager ReloadAssembly
Symbol file LoadedFromMemory is not a mono symbol file
- Loaded All Assemblies, in  7.599 seconds
Refreshing native plugins compatible for Editor in 17.22 ms, found 3 plugins.
Native extension for WindowsStandalone target not found
Native extension for WebGL target not found
[Package Manager] Server::EnsureServerProcessIsRunning -- launch failed, reason: Unity was launched with the -noUpm command-line argument
[Package Manager] UpmClient::Send -- Unable to send message (not connected to UPM process).
[Package Manager] Cannot connect to Unity Package Manager local server
Mono: successfully reloaded assembly
- Finished resetting the current domain, in  5.286 seconds
Domain Reload Profiling: 12925ms
	BeginReloadAssembly (2424ms)
		ExecutionOrderSort (0ms)
		DisableScriptedObjects (207ms)
		BackupInstance (0ms)
		ReleaseScriptingObjects (1ms)
		CreateAndSetChildDomain (1321ms)
	RebuildCommonClasses (521ms)
	RebuildNativeTypeToScriptingClass (11ms)
	initialDomainReloadingComplete (74ms)
	LoadAllAssembliesAndSetupDomain (4607ms)
		LoadAssemblies (5220ms)
		RebuildTransferFunctionScriptingTraits (0ms)
		AnalyzeDomain (106ms)
			TypeCache.Refresh (49ms)
				TypeCache.ScanAssembly (0ms)
			ScanForSourceGeneratedMonoScriptInfo (4ms)
			ResolveRequiredComponents (50ms)
	FinalizeReload (5287ms)
		ReleaseScriptCaches (0ms)
		RebuildScriptCaches (0ms)
		SetupLoadedEditorAssemblies (1708ms)
			LogAssemblyErrors (0ms)
			InitializePlatformSupportModulesInManaged (22ms)
			SetLoadedEditorAssemblies (24ms)
			RefreshPlugins (0ms)
			BeforeProcessingInitializeOnLoad (172ms)
			ProcessInitializeOnLoadAttributes (947ms)
			ProcessInitializeOnLoadMethodAttributes (536ms)
			AfterProcessingInitializeOnLoad (4ms)
			EditorAssembliesLoaded (2ms)
		ExecutionOrderSort2 (0ms)
		AwakeInstancesAfterBackupRestoration (28ms)
Refreshing native plugins compatible for Editor in 20.36 ms, found 3 plugins.
Preloading 0 native plugins for Editor in 0.00 ms.
Unloading 6983 Unused Serialized files (Serialized files now loaded: 0)
Unloading 78 unused Assets / (475.3 KB). Loaded Objects now: 7790.
Memory consumption went from 232.6 MB to 232.2 MB.
Total: 30.929800 ms (FindLiveObjects: 1.310600 ms CreateObjectMapping: 0.834600 ms MarkObjects: 28.164400 ms  DeleteObjects: 0.618000 ms)

Prepare: number of updated asset objects reloaded= 0
AssetImportParameters requested are different than current active one (requested -> active):
  custom:container-demuxer-ogg: 62fdf1f143b41e24485cea50d1cbac27 -> 
  custom:framework-win-MediaFoundation: 216162199b28c13a410421893ffa2e32 -> 
  custom:container-muxer-webm: aa71ff27fc2769a1b78a27578f13a17b -> 
  custom:video-decoder-webm-vp8: 9c59270c3fd7afecdb556c50c9e8de78 -> 
  custom:SearchIndexIgnoredProperties: e643bd26f0fe6173181afceb89e7c659 -> 
  custom:AudioImporter_EditorPlatform: d09bf68614088b80899f8185d706f6e7 -> 
  custom:audio-decoder-ogg-vorbis: bf7c407c2cedff20999df2af8eb42d56 -> 
  custom:audio-encoder-webm-vorbis: bf7c407c2cedff20999df2af8eb42d56 -> 
  custom:video-codec-MediaFoundation-h265: 746d11721c4dcdbdad8f713fa42b33f4 -> 
  custom:video-decoder-ogg-theora: a1e56fd34408186e4bbccfd4996cb3dc -> 
  custom:CustomObjectIndexerAttribute: a3ef5dd2817f97addfee359851a9dba5 -> 
  custom:container-demuxer-webm: 4f35f7cbe854078d1ac9338744f61a02 -> 
  custom:video-encoder-webm-vp8: eb34c28f22e8b96e1ab97ce403110664 -> 
